(60000, 50)
(60000,)
(10000, 50)
(10000,)
Training HP 100 0
n 0 : Test SE: 0.08225562799267895 Train SE: 0.08685968319503662 Test Error Rate: 9.610000000000001, Train Error Rate: 10.278333333333334
n 0 : Test SE: 0.06993160473925823 Train SE: 0.07328223600860882 Test Error Rate: 8.540000000000001, Train Error Rate: 8.858333333333333
n 1 : Test SE: 0.060072475805877955 Train SE: 0.06179603082450225 Test Error Rate: 6.890000000000001, Train Error Rate: 7.136666666666666
n 1 : Test SE: 0.05292316084772699 Train SE: 0.053471908676638785 Test Error Rate: 6.239999999999999, Train Error Rate: 6.248333333333333
n 2 : Test SE: 0.049847452223877216 Train SE: 0.04835569264752506 Test Error Rate: 5.63, Train Error Rate: 5.413333333333333
n 2 : Test SE: 0.04454602987418571 Train SE: 0.04280596266547664 Test Error Rate: 5.12, Train Error Rate: 4.851666666666667
n 3 : Test SE: 0.0432903407255689 Train SE: 0.03960440388950898 Test Error Rate: 4.9799999999999995, Train Error Rate: 4.345000000000001
n 3 : Test SE: 0.039262957934846944 Train SE: 0.03594625574086056 Test Error Rate: 4.62, Train Error Rate: 3.986666666666667
n 4 : Test SE: 0.03895441714304492 Train SE: 0.033837885075865604 Test Error Rate: 4.51, Train Error Rate: 3.588333333333334
n 4 : Test SE: 0.03624733343314984 Train SE: 0.031429014932897306 Test Error Rate: 4.19, Train Error Rate: 3.4299999999999997
n 5 : Test SE: 0.03606759750992047 Train SE: 0.029884840357690835 Test Error Rate: 4.05, Train Error Rate: 3.1266666666666665
n 5 : Test SE: 0.03437714835839142 Train SE: 0.028333419512245425 Test Error Rate: 3.92, Train Error Rate: 3.0116666666666667
n 6 : Test SE: 0.03401128711131759 Train SE: 0.027027460906484817 Test Error Rate: 3.7800000000000002, Train Error Rate: 2.8016666666666667
n 6 : Test SE: 0.03293565766272905 Train SE: 0.02584922346640898 Test Error Rate: 3.74, Train Error Rate: 2.7216666666666667
n 7 : Test SE: 0.03232430840743968 Train SE: 0.02466348176435301 Test Error Rate: 3.55, Train Error Rate: 2.5283333333333333
n 7 : Test SE: 0.03188712878301149 Train SE: 0.023910746266915885 Test Error Rate: 3.6700000000000004, Train Error Rate: 2.5033333333333334
n 8 : Test SE: 0.03125799066913495 Train SE: 0.022845051937510397 Test Error Rate: 3.4099999999999997, Train Error Rate: 2.3266666666666667
n 8 : Test SE: 0.031261442294871045 Train SE: 0.02248498057850353 Test Error Rate: 3.5000000000000004, Train Error Rate: 2.325
n 9 : Test SE: 0.030715429046713524 Train SE: 0.021524457947297484 Test Error Rate: 3.3300000000000005, Train Error Rate: 2.1999999999999997
n 9 : Test SE: 0.030775157239070382 Train SE: 0.02120271838256231 Test Error Rate: 3.4000000000000004, Train Error Rate: 2.191666666666667
n 10 : Test SE: 0.03035188241656258 Train SE: 0.020462219938235698 Test Error Rate: 3.27, Train Error Rate: 2.0633333333333335
n 10 : Test SE: 0.030310673563704926 Train SE: 0.020042532391824425 Test Error Rate: 3.3099999999999996, Train Error Rate: 2.0616666666666665
n 11 : Test SE: 0.03011335537859572 Train SE: 0.019570626449513975 Test Error Rate: 3.16, Train Error Rate: 1.9483333333333333
n 11 : Test SE: 0.029857348159892036 Train SE: 0.01901987444281136 Test Error Rate: 3.3099999999999996, Train Error Rate: 1.9316666666666666
n 12 : Test SE: 0.029858471131179835 Train SE: 0.01876660853200566 Test Error Rate: 3.1, Train Error Rate: 1.8933333333333333
n 12 : Test SE: 0.029464730304174486 Train SE: 0.01814567470174819 Test Error Rate: 3.32, Train Error Rate: 1.8566666666666665
n 13 : Test SE: 0.02967165931755277 Train SE: 0.018093849189688645 Test Error Rate: 3.11, Train Error Rate: 1.8399999999999999
n 13 : Test SE: 0.02917759642701257 Train SE: 0.017417885942592144 Test Error Rate: 3.26, Train Error Rate: 1.7816666666666667
n 14 : Test SE: 0.029576805310740504 Train SE: 0.01751047062602582 Test Error Rate: 3.15, Train Error Rate: 1.76
n 14 : Test SE: 0.028986324031818826 Train SE: 0.016809514985748623 Test Error Rate: 3.1399999999999997, Train Error Rate: 1.7149999999999999
Done!
Training HP 100 1
n 0 : Test SE: 0.08032350580850964 Train SE: 0.08458291996635617 Test Error Rate: 9.45, Train Error Rate: 10.048333333333332
n 0 : Test SE: 0.06999212939905905 Train SE: 0.0730127573186215 Test Error Rate: 8.3, Train Error Rate: 8.831666666666667
n 1 : Test SE: 0.05858587042356467 Train SE: 0.06017043334591301 Test Error Rate: 6.65, Train Error Rate: 6.986666666666666
n 1 : Test SE: 0.05339086316727103 Train SE: 0.05371341354628119 Test Error Rate: 6.08, Train Error Rate: 6.251666666666667
n 2 : Test SE: 0.04758947581941759 Train SE: 0.04666747334867472 Test Error Rate: 5.220000000000001, Train Error Rate: 5.176666666666667
n 2 : Test SE: 0.04268638837929374 Train SE: 0.041061241976998175 Test Error Rate: 4.96, Train Error Rate: 4.6433333333333335
n 3 : Test SE: 0.04145957315671487 Train SE: 0.039132191389560256 Test Error Rate: 4.4799999999999995, Train Error Rate: 4.223333333333333
n 3 : Test SE: 0.03714760735050304 Train SE: 0.03400216389326146 Test Error Rate: 4.2700000000000005, Train Error Rate: 3.746666666666667
n 4 : Test SE: 0.03677896462367644 Train SE: 0.03326786447871866 Test Error Rate: 3.92, Train Error Rate: 3.5450000000000004
n 4 : Test SE: 0.033964450209037975 Train SE: 0.029692487522289385 Test Error Rate: 3.8, Train Error Rate: 3.19
n 5 : Test SE: 0.03436230311468736 Train SE: 0.029749320455121988 Test Error Rate: 3.63, Train Error Rate: 3.105
n 5 : Test SE: 0.032123239255874396 Train SE: 0.02679988097877688 Test Error Rate: 3.58, Train Error Rate: 2.8000000000000003
n 6 : Test SE: 0.03300864020579526 Train SE: 0.02738296437088012 Test Error Rate: 3.4799999999999995, Train Error Rate: 2.79
n 6 : Test SE: 0.031137830969167463 Train SE: 0.02482420199482668 Test Error Rate: 3.4099999999999997, Train Error Rate: 2.591666666666667
n 7 : Test SE: 0.03170322603070504 Train SE: 0.02516105103443982 Test Error Rate: 3.25, Train Error Rate: 2.581666666666667
n 7 : Test SE: 0.03053443025650518 Train SE: 0.023312325792823902 Test Error Rate: 3.37, Train Error Rate: 2.4466666666666668
n 8 : Test SE: 0.03065858821757357 Train SE: 0.02334948961299176 Test Error Rate: 3.2099999999999995, Train Error Rate: 2.3533333333333335
n 8 : Test SE: 0.03008146904017137 Train SE: 0.02212758847197382 Test Error Rate: 3.2800000000000002, Train Error Rate: 2.3
n 9 : Test SE: 0.030072983961552103 Train SE: 0.02212980210047157 Test Error Rate: 3.04, Train Error Rate: 2.2183333333333333
n 9 : Test SE: 0.029591322369682718 Train SE: 0.021000253808177192 Test Error Rate: 3.2, Train Error Rate: 2.1766666666666667
n 10 : Test SE: 0.029721094280984055 Train SE: 0.021196943953886258 Test Error Rate: 3.02, Train Error Rate: 2.1016666666666666
n 10 : Test SE: 0.029037144728790168 Train SE: 0.019907748392932193 Test Error Rate: 3.16, Train Error Rate: 2.0516666666666667
n 11 : Test SE: 0.029336130737183497 Train SE: 0.020315511687402966 Test Error Rate: 3.01, Train Error Rate: 2.006666666666667
n 11 : Test SE: 0.02850638217216333 Train SE: 0.01896351658735955 Test Error Rate: 3.15, Train Error Rate: 1.9633333333333332
n 12 : Test SE: 0.028875836949828385 Train SE: 0.019399446715220512 Test Error Rate: 3.05, Train Error Rate: 1.9266666666666667
n 12 : Test SE: 0.028040067172917304 Train SE: 0.018137118894590392 Test Error Rate: 3.09, Train Error Rate: 1.865
n 13 : Test SE: 0.02852179782026131 Train SE: 0.018562761897736816 Test Error Rate: 3.0, Train Error Rate: 1.8433333333333333
n 13 : Test SE: 0.027796558178238256 Train SE: 0.01746489077815926 Test Error Rate: 3.0300000000000002, Train Error Rate: 1.7716666666666665
n 14 : Test SE: 0.028348041151790123 Train SE: 0.017828143912233075 Test Error Rate: 2.91, Train Error Rate: 1.7316666666666667
n 14 : Test SE: 0.0277315251212918 Train SE: 0.016913570252959153 Test Error Rate: 3.0, Train Error Rate: 1.71
Done!
Training HP 100 2
n 0 : Test SE: 0.07945797517019053 Train SE: 0.0839807597649452 Test Error Rate: 8.86, Train Error Rate: 9.844999999999999
n 0 : Test SE: 0.06741329141938421 Train SE: 0.07028300856538519 Test Error Rate: 7.9399999999999995, Train Error Rate: 8.285
n 1 : Test SE: 0.056128917901437037 Train SE: 0.057405911010489495 Test Error Rate: 6.069999999999999, Train Error Rate: 6.558333333333333
n 1 : Test SE: 0.0500778969527066 Train SE: 0.05063013612476926 Test Error Rate: 5.5, Train Error Rate: 5.738333333333333
n 2 : Test SE: 0.045096063455941734 Train SE: 0.043912882117365035 Test Error Rate: 4.84, Train Error Rate: 4.905
n 2 : Test SE: 0.040645263297073214 Train SE: 0.03932950570949399 Test Error Rate: 4.32, Train Error Rate: 4.305
n 3 : Test SE: 0.038996982610248164 Train SE: 0.036340215234713966 Test Error Rate: 4.2, Train Error Rate: 3.965
n 3 : Test SE: 0.035914161110565175 Train SE: 0.03309534540523722 Test Error Rate: 3.9899999999999998, Train Error Rate: 3.6083333333333334
n 4 : Test SE: 0.03485251709431587 Train SE: 0.03115841020286075 Test Error Rate: 3.8699999999999997, Train Error Rate: 3.311666666666667
n 4 : Test SE: 0.03364446044713242 Train SE: 0.02935353994804859 Test Error Rate: 3.74, Train Error Rate: 3.158333333333333
n 5 : Test SE: 0.03199326180137678 Train SE: 0.027342518373385638 Test Error Rate: 3.4299999999999997, Train Error Rate: 2.825
n 5 : Test SE: 0.03191417534088546 Train SE: 0.026557061069761516 Test Error Rate: 3.54, Train Error Rate: 2.7766666666666664
n 6 : Test SE: 0.030008480279998764 Train SE: 0.024575266506750338 Test Error Rate: 3.18, Train Error Rate: 2.533333333333333
n 6 : Test SE: 0.030601036219903874 Train SE: 0.024475707070074564 Test Error Rate: 3.36, Train Error Rate: 2.5383333333333336
n 7 : Test SE: 0.02900114009277615 Train SE: 0.02280876530391187 Test Error Rate: 3.08, Train Error Rate: 2.335
n 7 : Test SE: 0.029500639169299188 Train SE: 0.02275837939851381 Test Error Rate: 3.1399999999999997, Train Error Rate: 2.3566666666666665
n 8 : Test SE: 0.02841085655694989 Train SE: 0.021551367813118304 Test Error Rate: 3.0300000000000002, Train Error Rate: 2.185
n 8 : Test SE: 0.028673103254547482 Train SE: 0.021366340973322205 Test Error Rate: 2.94, Train Error Rate: 2.235
n 9 : Test SE: 0.02809121372228011 Train SE: 0.020654677674242387 Test Error Rate: 3.05, Train Error Rate: 2.09
n 9 : Test SE: 0.02805435511904659 Train SE: 0.020229163590108335 Test Error Rate: 2.92, Train Error Rate: 2.0650000000000004
n 10 : Test SE: 0.027840046896767303 Train SE: 0.01992916378330315 Test Error Rate: 2.98, Train Error Rate: 1.9783333333333333
n 10 : Test SE: 0.027650399314023247 Train SE: 0.01933835133895954 Test Error Rate: 2.91, Train Error Rate: 1.9383333333333332
n 11 : Test SE: 0.02756047496761356 Train SE: 0.019192156588238567 Test Error Rate: 2.91, Train Error Rate: 1.913333333333333
n 11 : Test SE: 0.027403608403238355 Train SE: 0.018580821744903588 Test Error Rate: 2.91, Train Error Rate: 1.875
n 12 : Test SE: 0.027303853874181744 Train SE: 0.018412477852638835 Test Error Rate: 2.86, Train Error Rate: 1.7866666666666666
n 12 : Test SE: 0.027233812371117626 Train SE: 0.017878505206636173 Test Error Rate: 2.81, Train Error Rate: 1.7950000000000002
n 13 : Test SE: 0.027168949393936447 Train SE: 0.01769783336294857 Test Error Rate: 2.82, Train Error Rate: 1.73
n 13 : Test SE: 0.027113255569682228 Train SE: 0.017243839182417148 Test Error Rate: 2.82, Train Error Rate: 1.7383333333333333
n 14 : Test SE: 0.027133587679655215 Train SE: 0.017099377122427737 Test Error Rate: 2.8400000000000003, Train Error Rate: 1.6883333333333335
n 14 : Test SE: 0.027041136876382335 Train SE: 0.016687894038293807 Test Error Rate: 2.78, Train Error Rate: 1.7000000000000002
Done!
Training HP 100 3
n 0 : Test SE: 0.07995133406034056 Train SE: 0.08367276542976076 Test Error Rate: 9.120000000000001, Train Error Rate: 9.731666666666666
n 0 : Test SE: 0.06697755413864895 Train SE: 0.06936001087896082 Test Error Rate: 7.93, Train Error Rate: 8.213333333333333
n 1 : Test SE: 0.05685812331221658 Train SE: 0.058365919318779394 Test Error Rate: 6.43, Train Error Rate: 6.591666666666667
n 1 : Test SE: 0.05102989824972007 Train SE: 0.05115556462365271 Test Error Rate: 5.92, Train Error Rate: 5.816666666666666
n 2 : Test SE: 0.045033924277559825 Train SE: 0.04435201802749299 Test Error Rate: 4.88, Train Error Rate: 4.866666666666666
n 2 : Test SE: 0.04316053035343555 Train SE: 0.04118046115125931 Test Error Rate: 4.859999999999999, Train Error Rate: 4.501666666666667
n 3 : Test SE: 0.03873123823988742 Train SE: 0.036507380810981205 Test Error Rate: 4.24, Train Error Rate: 3.978333333333333
n 3 : Test SE: 0.03791706275484537 Train SE: 0.03449534768576649 Test Error Rate: 4.29, Train Error Rate: 3.73
n 4 : Test SE: 0.035518827457127915 Train SE: 0.031859297473808675 Test Error Rate: 3.85, Train Error Rate: 3.376666666666667
n 4 : Test SE: 0.03489697852963386 Train SE: 0.030432345136382856 Test Error Rate: 3.95, Train Error Rate: 3.2300000000000004
n 5 : Test SE: 0.033363589136977866 Train SE: 0.028550004555760143 Test Error Rate: 3.63, Train Error Rate: 2.9583333333333335
n 5 : Test SE: 0.032881216570632844 Train SE: 0.02749518999605299 Test Error Rate: 3.6999999999999997, Train Error Rate: 2.92
n 6 : Test SE: 0.03210765641873709 Train SE: 0.0263728894776357 Test Error Rate: 3.58, Train Error Rate: 2.69
n 6 : Test SE: 0.03162405700830157 Train SE: 0.02535064550983248 Test Error Rate: 3.52, Train Error Rate: 2.665
n 7 : Test SE: 0.031236626405722133 Train SE: 0.024574445054941895 Test Error Rate: 3.4000000000000004, Train Error Rate: 2.475
n 7 : Test SE: 0.030648707031681495 Train SE: 0.023723020295139213 Test Error Rate: 3.37, Train Error Rate: 2.4633333333333334
n 8 : Test SE: 0.03065274354883539 Train SE: 0.023204980908102763 Test Error Rate: 3.34, Train Error Rate: 2.32
n 8 : Test SE: 0.02993785470419336 Train SE: 0.022418269778162345 Test Error Rate: 3.2399999999999998, Train Error Rate: 2.3
n 9 : Test SE: 0.030017725166224467 Train SE: 0.021884909281441406 Test Error Rate: 3.2800000000000002, Train Error Rate: 2.1883333333333335
n 9 : Test SE: 0.029549254836099437 Train SE: 0.021401891669386577 Test Error Rate: 3.19, Train Error Rate: 2.18
n 10 : Test SE: 0.02948659943067868 Train SE: 0.020719026968891413 Test Error Rate: 3.19, Train Error Rate: 2.0650000000000004
n 10 : Test SE: 0.029262232679623357 Train SE: 0.02050210206948219 Test Error Rate: 3.18, Train Error Rate: 2.0616666666666665
n 11 : Test SE: 0.02912956546369965 Train SE: 0.019804523910800016 Test Error Rate: 3.16, Train Error Rate: 1.9683333333333335
n 11 : Test SE: 0.028943732660914417 Train SE: 0.019633334827211614 Test Error Rate: 3.1399999999999997, Train Error Rate: 1.965
n 12 : Test SE: 0.028925652886256592 Train SE: 0.019076450381418673 Test Error Rate: 3.0700000000000003, Train Error Rate: 1.9016666666666668
n 12 : Test SE: 0.028633383600636563 Train SE: 0.0187948486118064 Test Error Rate: 3.05, Train Error Rate: 1.8900000000000001
n 13 : Test SE: 0.028820218474005514 Train SE: 0.018436469273312696 Test Error Rate: 2.96, Train Error Rate: 1.8350000000000002
n 13 : Test SE: 0.02840437534045891 Train SE: 0.0180740095989903 Test Error Rate: 2.9899999999999998, Train Error Rate: 1.81
n 14 : Test SE: 0.028811059183599896 Train SE: 0.017827606169651507 Test Error Rate: 2.9499999999999997, Train Error Rate: 1.7666666666666668
n 14 : Test SE: 0.028234553235734136 Train SE: 0.017469808557405733 Test Error Rate: 2.9499999999999997, Train Error Rate: 1.7283333333333335
Done!
Training HP 100 4
n 0 : Test SE: 0.07905245634664208 Train SE: 0.08245168743747695 Test Error Rate: 8.99, Train Error Rate: 9.585
n 0 : Test SE: 0.06710248731480986 Train SE: 0.06914178308200516 Test Error Rate: 7.630000000000001, Train Error Rate: 8.02
n 1 : Test SE: 0.0559455633562748 Train SE: 0.05660091665290164 Test Error Rate: 6.260000000000001, Train Error Rate: 6.348333333333334
n 1 : Test SE: 0.05016228383708669 Train SE: 0.04952610698142314 Test Error Rate: 5.47, Train Error Rate: 5.551666666666667
n 2 : Test SE: 0.044663933657894006 Train SE: 0.04245905181406655 Test Error Rate: 4.9799999999999995, Train Error Rate: 4.665
n 2 : Test SE: 0.04236309637917065 Train SE: 0.039766482925514435 Test Error Rate: 4.6899999999999995, Train Error Rate: 4.33
n 3 : Test SE: 0.03928662442580121 Train SE: 0.035331148962858855 Test Error Rate: 4.29, Train Error Rate: 3.8350000000000004
n 3 : Test SE: 0.03810185244371426 Train SE: 0.0341022709498755 Test Error Rate: 4.05, Train Error Rate: 3.655
n 4 : Test SE: 0.03627432340514239 Train SE: 0.03125186292269329 Test Error Rate: 3.88, Train Error Rate: 3.328333333333333
n 4 : Test SE: 0.03515897139945275 Train SE: 0.030247472064107606 Test Error Rate: 3.8, Train Error Rate: 3.163333333333333
n 5 : Test SE: 0.03412887316264739 Train SE: 0.028365124986972558 Test Error Rate: 3.66, Train Error Rate: 2.986666666666667
n 5 : Test SE: 0.03269441822640732 Train SE: 0.027060321475298355 Test Error Rate: 3.54, Train Error Rate: 2.8683333333333336
n 6 : Test SE: 0.03255656917890435 Train SE: 0.02600485727493396 Test Error Rate: 3.42, Train Error Rate: 2.6566666666666667
n 6 : Test SE: 0.031103238334882433 Train SE: 0.024696787814051924 Test Error Rate: 3.44, Train Error Rate: 2.6
n 7 : Test SE: 0.031619301969742546 Train SE: 0.02428512458748112 Test Error Rate: 3.3099999999999996, Train Error Rate: 2.458333333333333
n 7 : Test SE: 0.03025723715311239 Train SE: 0.02298849531104365 Test Error Rate: 3.27, Train Error Rate: 2.4316666666666666
n 8 : Test SE: 0.030838968398630356 Train SE: 0.022824326283614953 Test Error Rate: 3.2800000000000002, Train Error Rate: 2.3116666666666665
n 8 : Test SE: 0.02978521912557023 Train SE: 0.021724783324596552 Test Error Rate: 3.15, Train Error Rate: 2.2616666666666667
n 9 : Test SE: 0.030292561278043213 Train SE: 0.021670454013429208 Test Error Rate: 3.2199999999999998, Train Error Rate: 2.1950000000000003
n 9 : Test SE: 0.029477586020291772 Train SE: 0.020688504822300578 Test Error Rate: 3.05, Train Error Rate: 2.1333333333333333
n 10 : Test SE: 0.02982293060210356 Train SE: 0.020625724354633706 Test Error Rate: 3.1399999999999997, Train Error Rate: 2.09
n 10 : Test SE: 0.029322617895915802 Train SE: 0.01985386712431388 Test Error Rate: 3.05, Train Error Rate: 2.046666666666667
n 11 : Test SE: 0.029577305012025 Train SE: 0.01977175269613662 Test Error Rate: 3.17, Train Error Rate: 1.9883333333333333
n 11 : Test SE: 0.029214077343801898 Train SE: 0.01919674256644624 Test Error Rate: 3.0700000000000003, Train Error Rate: 1.9483333333333333
n 12 : Test SE: 0.029399760905476056 Train SE: 0.019012342235366107 Test Error Rate: 3.17, Train Error Rate: 1.9233333333333336
n 12 : Test SE: 0.029094351069179288 Train SE: 0.018626160944012926 Test Error Rate: 3.08, Train Error Rate: 1.91
n 13 : Test SE: 0.02914094078504722 Train SE: 0.018179657163822766 Test Error Rate: 3.1300000000000003, Train Error Rate: 1.8399999999999999
n 13 : Test SE: 0.028933835807852592 Train SE: 0.01802721416649102 Test Error Rate: 3.0, Train Error Rate: 1.865
n 14 : Test SE: 0.028985631826912692 Train SE: 0.017474312759959025 Test Error Rate: 3.16, Train Error Rate: 1.7533333333333334
n 14 : Test SE: 0.02885049410205425 Train SE: 0.017507173720969597 Test Error Rate: 2.97, Train Error Rate: 1.82
Done!
Training HP 100 5
n 0 : Test SE: 0.07948369315370041 Train SE: 0.08325411631511528 Test Error Rate: 8.89, Train Error Rate: 9.545
n 0 : Test SE: 0.06731209147500122 Train SE: 0.06979392525708165 Test Error Rate: 7.5600000000000005, Train Error Rate: 7.956666666666666
n 1 : Test SE: 0.05685530693774192 Train SE: 0.057759158335023236 Test Error Rate: 6.16, Train Error Rate: 6.465
n 1 : Test SE: 0.05277531828075933 Train SE: 0.05200193671229211 Test Error Rate: 5.93, Train Error Rate: 5.793333333333334
n 2 : Test SE: 0.04726228531444915 Train SE: 0.04470356846269117 Test Error Rate: 5.07, Train Error Rate: 4.798333333333334
n 2 : Test SE: 0.04525522019114644 Train SE: 0.04216726260539744 Test Error Rate: 5.13, Train Error Rate: 4.621666666666667
n 3 : Test SE: 0.04264517695332229 Train SE: 0.038018045392310594 Test Error Rate: 4.7, Train Error Rate: 4.068333333333333
n 3 : Test SE: 0.041203515527703294 Train SE: 0.03621869285819389 Test Error Rate: 4.760000000000001, Train Error Rate: 4.033333333333333
n 4 : Test SE: 0.03991168347451856 Train SE: 0.033981760285186825 Test Error Rate: 4.43, Train Error Rate: 3.6166666666666667
n 4 : Test SE: 0.03877573956334887 Train SE: 0.03243333079103166 Test Error Rate: 4.5, Train Error Rate: 3.54
n 5 : Test SE: 0.03741710383142071 Train SE: 0.03051862055008654 Test Error Rate: 4.18, Train Error Rate: 3.1766666666666667
n 5 : Test SE: 0.03696178912894181 Train SE: 0.029596300435611598 Test Error Rate: 4.26, Train Error Rate: 3.1883333333333335
n 6 : Test SE: 0.0358073482470506 Train SE: 0.02777901953295713 Test Error Rate: 4.01, Train Error Rate: 2.915
n 6 : Test SE: 0.035501896775179335 Train SE: 0.027096478155698652 Test Error Rate: 4.109999999999999, Train Error Rate: 2.8583333333333334
n 7 : Test SE: 0.0348264802935101 Train SE: 0.025707634144999277 Test Error Rate: 4.01, Train Error Rate: 2.6766666666666667
n 7 : Test SE: 0.034508791951700514 Train SE: 0.025217662357365674 Test Error Rate: 3.92, Train Error Rate: 2.6483333333333334
n 8 : Test SE: 0.03416027381269627 Train SE: 0.024170692873568152 Test Error Rate: 3.95, Train Error Rate: 2.5166666666666666
n 8 : Test SE: 0.0339086527182372 Train SE: 0.02386266049421721 Test Error Rate: 3.88, Train Error Rate: 2.5016666666666665
n 9 : Test SE: 0.033773830291030114 Train SE: 0.022960298694382375 Test Error Rate: 3.85, Train Error Rate: 2.3916666666666666
n 9 : Test SE: 0.03345898082644164 Train SE: 0.022639435898510786 Test Error Rate: 3.7800000000000002, Train Error Rate: 2.365
n 10 : Test SE: 0.033649042933064865 Train SE: 0.021991967037340205 Test Error Rate: 3.7600000000000002, Train Error Rate: 2.3066666666666666
n 10 : Test SE: 0.03302342253925254 Train SE: 0.02158069375732044 Test Error Rate: 3.66, Train Error Rate: 2.216666666666667
n 11 : Test SE: 0.033519960927856064 Train SE: 0.021166035489047705 Test Error Rate: 3.74, Train Error Rate: 2.1983333333333333
n 11 : Test SE: 0.03264820536207261 Train SE: 0.020678069018675516 Test Error Rate: 3.56, Train Error Rate: 2.1333333333333333
n 12 : Test SE: 0.03326557355440823 Train SE: 0.020419292536156555 Test Error Rate: 3.7199999999999998, Train Error Rate: 2.1483333333333334
n 12 : Test SE: 0.032418021456906775 Train SE: 0.01985748115666682 Test Error Rate: 3.5900000000000003, Train Error Rate: 2.038333333333333
n 13 : Test SE: 0.03298351480714971 Train SE: 0.01969899121108454 Test Error Rate: 3.65, Train Error Rate: 2.083333333333333
n 13 : Test SE: 0.03231191102276956 Train SE: 0.01916571764972059 Test Error Rate: 3.53, Train Error Rate: 1.9766666666666666
n 14 : Test SE: 0.03268324280703153 Train SE: 0.019013192113044412 Test Error Rate: 3.47, Train Error Rate: 1.9866666666666668
n 14 : Test SE: 0.032289200260623575 Train SE: 0.018618744908634573 Test Error Rate: 3.58, Train Error Rate: 1.9233333333333336
Done!
Training HP 100 6
n 0 : Test SE: 0.08830896183397847 Train SE: 0.09103962109328596 Test Error Rate: 9.67, Train Error Rate: 10.35
n 0 : Test SE: 0.0720613307427455 Train SE: 0.07335974482269125 Test Error Rate: 7.91, Train Error Rate: 8.411666666666667
n 1 : Test SE: 0.06236975766074221 Train SE: 0.0615137468255336 Test Error Rate: 7.06, Train Error Rate: 6.875000000000001
n 1 : Test SE: 0.05560174302860382 Train SE: 0.054370405927324894 Test Error Rate: 6.260000000000001, Train Error Rate: 6.225
n 2 : Test SE: 0.05307061740330667 Train SE: 0.050476556945531034 Test Error Rate: 5.8999999999999995, Train Error Rate: 5.548333333333334
n 2 : Test SE: 0.04783042409006505 Train SE: 0.0448961368562371 Test Error Rate: 5.3, Train Error Rate: 5.041666666666666
n 3 : Test SE: 0.04708161146181994 Train SE: 0.043087198276269806 Test Error Rate: 5.1499999999999995, Train Error Rate: 4.626666666666666
n 3 : Test SE: 0.04329865031350478 Train SE: 0.039034521718226696 Test Error Rate: 4.7, Train Error Rate: 4.308333333333334
n 4 : Test SE: 0.04268373317010834 Train SE: 0.03768286354718992 Test Error Rate: 4.46, Train Error Rate: 3.9733333333333336
n 4 : Test SE: 0.04028098875694439 Train SE: 0.03461365841260901 Test Error Rate: 4.36, Train Error Rate: 3.736666666666667
n 5 : Test SE: 0.039028617168055266 Train SE: 0.03327318519726345 Test Error Rate: 4.130000000000001, Train Error Rate: 3.506666666666667
n 5 : Test SE: 0.03830306864222655 Train SE: 0.03173131303350662 Test Error Rate: 4.07, Train Error Rate: 3.398333333333333
n 6 : Test SE: 0.03670331871450093 Train SE: 0.030104072720902597 Test Error Rate: 3.84, Train Error Rate: 3.183333333333333
n 6 : Test SE: 0.03684461061086467 Train SE: 0.029553719110565847 Test Error Rate: 3.8699999999999997, Train Error Rate: 3.1716666666666664
n 7 : Test SE: 0.035416011181313524 Train SE: 0.027878526797911758 Test Error Rate: 3.81, Train Error Rate: 2.9483333333333333
n 7 : Test SE: 0.03571289497505544 Train SE: 0.027659960484315176 Test Error Rate: 3.8, Train Error Rate: 2.941666666666667
n 8 : Test SE: 0.034578762623685436 Train SE: 0.026240964355382406 Test Error Rate: 3.6999999999999997, Train Error Rate: 2.7783333333333333
n 8 : Test SE: 0.03488794902762673 Train SE: 0.026113998146261832 Test Error Rate: 3.5700000000000003, Train Error Rate: 2.7683333333333335
n 9 : Test SE: 0.03400433243099547 Train SE: 0.02489500823832565 Test Error Rate: 3.61, Train Error Rate: 2.6533333333333333
n 9 : Test SE: 0.0343806278143013 Train SE: 0.02491026077050823 Test Error Rate: 3.46, Train Error Rate: 2.6566666666666667
n 10 : Test SE: 0.03365627107567707 Train SE: 0.02376467128805252 Test Error Rate: 3.54, Train Error Rate: 2.545
n 10 : Test SE: 0.03389166326970798 Train SE: 0.023788403522827146 Test Error Rate: 3.42, Train Error Rate: 2.526666666666667
n 11 : Test SE: 0.03337314197332471 Train SE: 0.022807881407024957 Test Error Rate: 3.47, Train Error Rate: 2.421666666666667
n 11 : Test SE: 0.03337837033104002 Train SE: 0.022649237585211875 Test Error Rate: 3.34, Train Error Rate: 2.405
n 12 : Test SE: 0.03311879280008312 Train SE: 0.021893776520368464 Test Error Rate: 3.4000000000000004, Train Error Rate: 2.34
n 12 : Test SE: 0.03310377900341264 Train SE: 0.02182431413168123 Test Error Rate: 3.32, Train Error Rate: 2.3116666666666665
n 13 : Test SE: 0.032844164728051586 Train SE: 0.021094289680136193 Test Error Rate: 3.45, Train Error Rate: 2.283333333333333
n 13 : Test SE: 0.032787745465507036 Train SE: 0.02101779462247342 Test Error Rate: 3.3300000000000005, Train Error Rate: 2.2533333333333334
n 14 : Test SE: 0.03259763250612611 Train SE: 0.020398226379435443 Test Error Rate: 3.38, Train Error Rate: 2.2183333333333333
n 14 : Test SE: 0.03246590050585206 Train SE: 0.020233704049913235 Test Error Rate: 3.2099999999999995, Train Error Rate: 2.1633333333333336
Done!
Training HP 100 7
n 0 : Test SE: 0.12503519027117307 Train SE: 0.1256451720858083 Test Error Rate: 17.01, Train Error Rate: 17.133333333333333
n 0 : Test SE: 0.07515702672637971 Train SE: 0.07586972805643022 Test Error Rate: 8.19, Train Error Rate: 8.543333333333333
n 1 : Test SE: 0.0646765568248245 Train SE: 0.06332129373935076 Test Error Rate: 6.88, Train Error Rate: 6.786666666666667
n 1 : Test SE: 0.05647553305243112 Train SE: 0.054431148033847514 Test Error Rate: 6.03, Train Error Rate: 6.038333333333333
n 2 : Test SE: 0.05185554473816735 Train SE: 0.04834910061562584 Test Error Rate: 5.46, Train Error Rate: 5.108333333333333
n 2 : Test SE: 0.04727689335728452 Train SE: 0.043216373589226385 Test Error Rate: 5.2, Train Error Rate: 4.791666666666667
n 3 : Test SE: 0.04602272008696117 Train SE: 0.041065819265136985 Test Error Rate: 4.859999999999999, Train Error Rate: 4.398333333333333
n 3 : Test SE: 0.04294217594770007 Train SE: 0.0375654067968118 Test Error Rate: 4.67, Train Error Rate: 4.09
n 4 : Test SE: 0.04248478603623686 Train SE: 0.036205156555357665 Test Error Rate: 4.5, Train Error Rate: 3.88
n 4 : Test SE: 0.04078471816948623 Train SE: 0.03411894792458055 Test Error Rate: 4.37, Train Error Rate: 3.6783333333333337
n 5 : Test SE: 0.040067001873677795 Train SE: 0.03289749298051957 Test Error Rate: 4.22, Train Error Rate: 3.4966666666666666
n 5 : Test SE: 0.03908183553031485 Train SE: 0.03135196320872394 Test Error Rate: 4.130000000000001, Train Error Rate: 3.3933333333333335
n 6 : Test SE: 0.038375526748312176 Train SE: 0.030511101809921344 Test Error Rate: 4.05, Train Error Rate: 3.1966666666666663
n 6 : Test SE: 0.03771329922361247 Train SE: 0.02930688941437553 Test Error Rate: 3.94, Train Error Rate: 3.18
n 7 : Test SE: 0.03715179478926093 Train SE: 0.0285635377189079 Test Error Rate: 3.8, Train Error Rate: 2.9733333333333336
n 7 : Test SE: 0.03651040093839171 Train SE: 0.02746163988759452 Test Error Rate: 3.81, Train Error Rate: 2.9433333333333334
n 8 : Test SE: 0.036534358065300414 Train SE: 0.02715955037728949 Test Error Rate: 3.7199999999999998, Train Error Rate: 2.8383333333333334
n 8 : Test SE: 0.03573980585420877 Train SE: 0.026043556308183682 Test Error Rate: 3.6700000000000004, Train Error Rate: 2.8183333333333334
n 9 : Test SE: 0.03620032993020612 Train SE: 0.026129359198695787 Test Error Rate: 3.71, Train Error Rate: 2.7466666666666666
n 9 : Test SE: 0.03520705287449 Train SE: 0.024928072523549345 Test Error Rate: 3.56, Train Error Rate: 2.665
n 10 : Test SE: 0.03568099656447607 Train SE: 0.025094040249207514 Test Error Rate: 3.53, Train Error Rate: 2.6083333333333334
n 10 : Test SE: 0.03486069141981916 Train SE: 0.02401504847828819 Test Error Rate: 3.52, Train Error Rate: 2.5533333333333337
n 11 : Test SE: 0.03514327541933475 Train SE: 0.024057565508817835 Test Error Rate: 3.54, Train Error Rate: 2.485
n 11 : Test SE: 0.034506677750872086 Train SE: 0.02308464391935644 Test Error Rate: 3.56, Train Error Rate: 2.4433333333333334
n 12 : Test SE: 0.034609140207259734 Train SE: 0.023135929071659872 Test Error Rate: 3.51, Train Error Rate: 2.3783333333333334
n 12 : Test SE: 0.03401481948569606 Train SE: 0.022145402693786193 Test Error Rate: 3.54, Train Error Rate: 2.3166666666666664
n 13 : Test SE: 0.034003186694266246 Train SE: 0.022233723059775178 Test Error Rate: 3.4299999999999997, Train Error Rate: 2.288333333333333
n 13 : Test SE: 0.03358176264824828 Train SE: 0.021377536689263524 Test Error Rate: 3.4099999999999997, Train Error Rate: 2.2383333333333333
n 14 : Test SE: 0.03347492492393422 Train SE: 0.021410606663968535 Test Error Rate: 3.39, Train Error Rate: 2.2016666666666667
n 14 : Test SE: 0.03324629559442854 Train SE: 0.0207537682767623 Test Error Rate: 3.39, Train Error Rate: 2.185
Done!
Training HP 100 8
n 0 : Test SE: 0.30630784040160774 Train SE: 0.3050413434793804 Test Error Rate: 51.33, Train Error Rate: 51.193333333333335
n 0 : Test SE: 0.2044166381797982 Train SE: 0.20233377223596927 Test Error Rate: 31.66, Train Error Rate: 31.533333333333335
n 1 : Test SE: 0.18053828457309934 Train SE: 0.1777352553008678 Test Error Rate: 28.58, Train Error Rate: 28.403333333333336
n 1 : Test SE: 0.12838479218474935 Train SE: 0.12456252880540403 Test Error Rate: 19.39, Train Error Rate: 18.681666666666665
n 2 : Test SE: 0.12056264961500483 Train SE: 0.11564055909202332 Test Error Rate: 18.27, Train Error Rate: 17.706666666666667
n 2 : Test SE: 0.11617006628923134 Train SE: 0.11034765284371777 Test Error Rate: 17.78, Train Error Rate: 17.103333333333335
n 3 : Test SE: 0.1123467685696904 Train SE: 0.1059509738651776 Test Error Rate: 17.32, Train Error Rate: 16.578333333333333
n 3 : Test SE: 0.11027647251315946 Train SE: 0.10306938478408291 Test Error Rate: 17.09, Train Error Rate: 16.268333333333334
n 4 : Test SE: 0.10771946500583379 Train SE: 0.10003020462381264 Test Error Rate: 16.8, Train Error Rate: 15.993333333333334
n 4 : Test SE: 0.10639305722885413 Train SE: 0.09810247998388613 Test Error Rate: 16.74, Train Error Rate: 15.748333333333333
n 5 : Test SE: 0.10429843601142516 Train SE: 0.09556132296335695 Test Error Rate: 16.41, Train Error Rate: 15.475
n 5 : Test SE: 0.10384890425461031 Train SE: 0.0945013145920928 Test Error Rate: 16.400000000000002, Train Error Rate: 15.39
n 6 : Test SE: 0.10205879867261465 Train SE: 0.0924752540655628 Test Error Rate: 16.33, Train Error Rate: 15.15
n 6 : Test SE: 0.10178929551173603 Train SE: 0.09170354137093621 Test Error Rate: 16.29, Train Error Rate: 15.055
n 7 : Test SE: 0.10032682060686277 Train SE: 0.08999249158906657 Test Error Rate: 16.1, Train Error Rate: 14.93
n 7 : Test SE: 0.10036074415932913 Train SE: 0.08944612386423649 Test Error Rate: 16.13, Train Error Rate: 14.793333333333333
n 8 : Test SE: 0.09905326821456308 Train SE: 0.08807743120607364 Test Error Rate: 15.770000000000001, Train Error Rate: 14.686666666666667
n 8 : Test SE: 0.09946242627999755 Train SE: 0.08790840682943007 Test Error Rate: 16.05, Train Error Rate: 14.625/home/ec2-user/anaconda3/lib/python3.6/site-packages/sklearn/utils/validation.py:475: DataConversionWarning: Data with input dtype >f8 was converted to float64 by the scale function.
  warnings.warn(msg, DataConversionWarning)

n 9 : Test SE: 0.0983265065927278 Train SE: 0.0866244268323958 Test Error Rate: 15.770000000000001, Train Error Rate: 14.515
n 9 : Test SE: 0.09854853026048108 Train SE: 0.08627462603027733 Test Error Rate: 15.879999999999999, Train Error Rate: 14.483333333333334
n 10 : Test SE: 0.09783973910123817 Train SE: 0.08548614224833916 Test Error Rate: 15.75, Train Error Rate: 14.353333333333335
n 10 : Test SE: 0.09772437637546481 Train SE: 0.0848131359632329 Test Error Rate: 15.67, Train Error Rate: 14.325
n 11 : Test SE: 0.09721071282013607 Train SE: 0.08434605289743792 Test Error Rate: 15.7, Train Error Rate: 14.256666666666668
n 11 : Test SE: 0.09720228409871225 Train SE: 0.08375717277562675 Test Error Rate: 15.61, Train Error Rate: 14.216666666666667
n 12 : Test SE: 0.09661132390217639 Train SE: 0.08319738985655528 Test Error Rate: 15.53, Train Error Rate: 14.12
n 12 : Test SE: 0.09679607508604297 Train SE: 0.08287471534250973 Test Error Rate: 15.45, Train Error Rate: 14.088333333333333
n 13 : Test SE: 0.09622114040787146 Train SE: 0.0822195450689998 Test Error Rate: 15.45, Train Error Rate: 14.028333333333334
n 13 : Test SE: 0.09647838276125285 Train SE: 0.08201689287067786 Test Error Rate: 15.47, Train Error Rate: 14.02
n 14 : Test SE: 0.09597601274200827 Train SE: 0.08144700487976657 Test Error Rate: 15.509999999999998, Train Error Rate: 13.941666666666666
n 14 : Test SE: 0.09617693009874974 Train SE: 0.08124943021905859 Test Error Rate: 15.45, Train Error Rate: 13.969999999999999
Done!
