(60000, 50)
(60000,)
(10000, 50)
(10000,)
Training HP 10 0
n 0 : Test SE: 0.10371807604456544 Train SE: 0.10683657024265626 Test Error Rate: 11.68, Train Error Rate: 12.32
n 0 : Test SE: 0.09635613521634093 Train SE: 0.09959375548074578 Test Error Rate: 11.32, Train Error Rate: 11.946666666666667
n 1 : Test SE: 0.09370042477946708 Train SE: 0.09643920151240506 Test Error Rate: 10.99, Train Error Rate: 11.551666666666668
n 1 : Test SE: 0.0895586836609949 Train SE: 0.0925809977034834 Test Error Rate: 10.71, Train Error Rate: 11.153333333333332
n 2 : Test SE: 0.0884063723621785 Train SE: 0.09076121431502596 Test Error Rate: 10.34, Train Error Rate: 10.911666666666667
n 2 : Test SE: 0.08606000198947347 Train SE: 0.08881289594301264 Test Error Rate: 10.35, Train Error Rate: 10.786666666666667
n 3 : Test SE: 0.08475874695661943 Train SE: 0.08674295690478012 Test Error Rate: 10.01, Train Error Rate: 10.446666666666667
n 3 : Test SE: 0.08432796044244019 Train SE: 0.08605440225245035 Test Error Rate: 10.09, Train Error Rate: 10.348333333333333
n 4 : Test SE: 0.08263029117201592 Train SE: 0.08398098175430796 Test Error Rate: 9.69, Train Error Rate: 9.985
n 4 : Test SE: 0.08298838252940134 Train SE: 0.08405768308231104 Test Error Rate: 10.23, Train Error Rate: 10.131666666666666
n 5 : Test SE: 0.08096269683811433 Train SE: 0.0826011458962912 Test Error Rate: 9.53, Train Error Rate: 9.77
n 5 : Test SE: 0.08167329947855427 Train SE: 0.08232624387013923 Test Error Rate: 9.959999999999999, Train Error Rate: 9.92
n 6 : Test SE: 0.07940726060500176 Train SE: 0.08115362687124882 Test Error Rate: 9.31, Train Error Rate: 9.636666666666667
n 6 : Test SE: 0.07987674647236974 Train SE: 0.08112263476150113 Test Error Rate: 9.6, Train Error Rate: 9.711666666666668
n 7 : Test SE: 0.07936828318214433 Train SE: 0.08071902487368807 Test Error Rate: 9.43, Train Error Rate: 9.636666666666667
n 7 : Test SE: 0.07870531021452601 Train SE: 0.08000833066191074 Test Error Rate: 9.45, Train Error Rate: 9.588333333333333
n 8 : Test SE: 0.07937189238188659 Train SE: 0.08075477510041824 Test Error Rate: 9.45, Train Error Rate: 9.58
n 8 : Test SE: 0.07880753938371707 Train SE: 0.07942330148952083 Test Error Rate: 9.58, Train Error Rate: 9.506666666666666
n 9 : Test SE: 0.07978414803863872 Train SE: 0.08057148505155155 Test Error Rate: 9.56, Train Error Rate: 9.596666666666668
n 9 : Test SE: 0.07860984975073965 Train SE: 0.0793139675958494 Test Error Rate: 9.56, Train Error Rate: 9.520000000000001
n 10 : Test SE: 0.0782928150353049 Train SE: 0.08007580907611016 Test Error Rate: 9.48, Train Error Rate: 9.553333333333333
n 10 : Test SE: 0.07926936393799443 Train SE: 0.07911334058961075 Test Error Rate: 9.610000000000001, Train Error Rate: 9.435
n 11 : Test SE: 0.07831400311449435 Train SE: 0.07965195415014535 Test Error Rate: 9.49, Train Error Rate: 9.511666666666667
n 11 : Test SE: 0.079984047565452 Train SE: 0.07911554030713079 Test Error Rate: 9.569999999999999, Train Error Rate: 9.356666666666667
n 12 : Test SE: 0.0786876634843139 Train SE: 0.07928498040631214 Test Error Rate: 9.65, Train Error Rate: 9.398333333333333
n 12 : Test SE: 0.07874832837597985 Train SE: 0.07832069916942318 Test Error Rate: 9.39, Train Error Rate: 9.288333333333334
n 13 : Test SE: 0.07721818748250071 Train SE: 0.07865606348057644 Test Error Rate: 9.17, Train Error Rate: 9.248333333333333
n 13 : Test SE: 0.07792312829965467 Train SE: 0.07835311500141985 Test Error Rate: 9.24, Train Error Rate: 9.315
n 14 : Test SE: 0.07783065144345849 Train SE: 0.07877684986528957 Test Error Rate: 9.16, Train Error Rate: 9.281666666666668
n 14 : Test SE: 0.07873942890439843 Train SE: 0.07819780070846656 Test Error Rate: 9.21, Train Error Rate: 9.24
Done!
Training HP 10 1
n 0 : Test SE: 0.09947658084735615 Train SE: 0.10279156692931105 Test Error Rate: 11.01, Train Error Rate: 11.708333333333334
n 0 : Test SE: 0.09283062636529482 Train SE: 0.09495610079333411 Test Error Rate: 11.07, Train Error Rate: 11.586666666666668
n 1 : Test SE: 0.08625669378695887 Train SE: 0.08830177841783039 Test Error Rate: 10.100000000000001, Train Error Rate: 10.498333333333333
n 1 : Test SE: 0.08560159115080203 Train SE: 0.08769499910201159 Test Error Rate: 10.290000000000001, Train Error Rate: 10.653333333333332
n 2 : Test SE: 0.08250075551601509 Train SE: 0.08402012532490859 Test Error Rate: 9.81, Train Error Rate: 10.076666666666668
n 2 : Test SE: 0.08210294138367762 Train SE: 0.08384990130301608 Test Error Rate: 9.76, Train Error Rate: 10.211666666666666
n 3 : Test SE: 0.08046994432000822 Train SE: 0.08212667434929762 Test Error Rate: 9.68, Train Error Rate: 9.803333333333333
n 3 : Test SE: 0.08067107776802868 Train SE: 0.08182768540083886 Test Error Rate: 9.65, Train Error Rate: 9.881666666666666
n 4 : Test SE: 0.07890376516124875 Train SE: 0.08102214274738713 Test Error Rate: 9.3, Train Error Rate: 9.726666666666667
n 4 : Test SE: 0.07931401717293826 Train SE: 0.08006623679955734 Test Error Rate: 9.34, Train Error Rate: 9.573333333333334
n 5 : Test SE: 0.07688223959739363 Train SE: 0.07904787504920759 Test Error Rate: 9.02, Train Error Rate: 9.47
n 5 : Test SE: 0.07836645690661766 Train SE: 0.07896549469889086 Test Error Rate: 9.120000000000001, Train Error Rate: 9.495000000000001
n 6 : Test SE: 0.07487199216088515 Train SE: 0.07769525101300849 Test Error Rate: 8.76, Train Error Rate: 9.32
n 6 : Test SE: 0.07741207063001762 Train SE: 0.07836242340931834 Test Error Rate: 8.9, Train Error Rate: 9.39
n 7 : Test SE: 0.07440523112844637 Train SE: 0.07662810946574974 Test Error Rate: 8.780000000000001, Train Error Rate: 9.186666666666667
n 7 : Test SE: 0.07727544703276767 Train SE: 0.07789530446029547 Test Error Rate: 9.04, Train Error Rate: 9.328333333333333
n 8 : Test SE: 0.07418777039322619 Train SE: 0.07633612985487088 Test Error Rate: 8.86, Train Error Rate: 9.165
n 8 : Test SE: 0.07660966245983206 Train SE: 0.07749334081140466 Test Error Rate: 8.97, Train Error Rate: 9.271666666666667
n 9 : Test SE: 0.07395232449471663 Train SE: 0.07567267256901186 Test Error Rate: 8.959999999999999, Train Error Rate: 9.136666666666667
n 9 : Test SE: 0.0758647313697121 Train SE: 0.0766912300552612 Test Error Rate: 8.74, Train Error Rate: 9.221666666666668
n 10 : Test SE: 0.07382612362869374 Train SE: 0.07498121827323222 Test Error Rate: 8.86, Train Error Rate: 8.953333333333333
n 10 : Test SE: 0.0761219648721073 Train SE: 0.0764395297645303 Test Error Rate: 8.9, Train Error Rate: 9.2
n 11 : Test SE: 0.0745013160681295 Train SE: 0.07476954328231222 Test Error Rate: 9.04, Train Error Rate: 9.021666666666667
n 11 : Test SE: 0.07507132388610542 Train SE: 0.0751132009273909 Test Error Rate: 8.77, Train Error Rate: 9.006666666666668
n 12 : Test SE: 0.07425305037770867 Train SE: 0.07428192890818563 Test Error Rate: 9.1, Train Error Rate: 8.873333333333333
n 12 : Test SE: 0.07452710722902806 Train SE: 0.0749631014537234 Test Error Rate: 8.7, Train Error Rate: 9.011666666666667
n 13 : Test SE: 0.0741176161688095 Train SE: 0.0742689382714918 Test Error Rate: 9.1, Train Error Rate: 8.911666666666667
n 13 : Test SE: 0.07510036114132211 Train SE: 0.07484827804134928 Test Error Rate: 9.0, Train Error Rate: 8.991666666666667
n 14 : Test SE: 0.07337505574067292 Train SE: 0.07375500552863991 Test Error Rate: 8.77, Train Error Rate: 8.795
n 14 : Test SE: 0.07533303313855709 Train SE: 0.07548261679017206 Test Error Rate: 9.09, Train Error Rate: 9.063333333333333
Done!
Training HP 10 2
n 0 : Test SE: 0.10650092310633395 Train SE: 0.109820555653668 Test Error Rate: 11.99, Train Error Rate: 12.805
n 0 : Test SE: 0.0949153651282314 Train SE: 0.0986003328930514 Test Error Rate: 11.219999999999999, Train Error Rate: 11.773333333333333
n 1 : Test SE: 0.0879755614967492 Train SE: 0.09174777803407733 Test Error Rate: 10.27, Train Error Rate: 11.061666666666667
n 1 : Test SE: 0.08602705185527697 Train SE: 0.08884872686214626 Test Error Rate: 10.36, Train Error Rate: 10.768333333333334
n 2 : Test SE: 0.08070711188547382 Train SE: 0.08527725176092664 Test Error Rate: 9.569999999999999, Train Error Rate: 10.341666666666667
n 2 : Test SE: 0.08089539759471918 Train SE: 0.08406085538884421 Test Error Rate: 9.879999999999999, Train Error Rate: 10.236666666666666
n 3 : Test SE: 0.07773246051830772 Train SE: 0.08172582861424905 Test Error Rate: 9.229999999999999, Train Error Rate: 9.888333333333334
n 3 : Test SE: 0.07887166935634067 Train SE: 0.08239208802307749 Test Error Rate: 9.76, Train Error Rate: 9.861666666666666
n 4 : Test SE: 0.07615414382592033 Train SE: 0.08029297399605831 Test Error Rate: 9.139999999999999, Train Error Rate: 9.698333333333334
n 4 : Test SE: 0.07863156394215784 Train SE: 0.08139281027875561 Test Error Rate: 9.520000000000001, Train Error Rate: 9.885
n 5 : Test SE: 0.07561913743123444 Train SE: 0.07858664265301046 Test Error Rate: 9.1, Train Error Rate: 9.458333333333334
n 5 : Test SE: 0.07708624991349947 Train SE: 0.07952653184681778 Test Error Rate: 9.32, Train Error Rate: 9.573333333333334
n 6 : Test SE: 0.07593216225683028 Train SE: 0.07854797409006369 Test Error Rate: 9.120000000000001, Train Error Rate: 9.421666666666667
n 6 : Test SE: 0.07643905353904014 Train SE: 0.07872576914503088 Test Error Rate: 9.27, Train Error Rate: 9.415
n 7 : Test SE: 0.07488042603657248 Train SE: 0.07731243496104809 Test Error Rate: 8.89, Train Error Rate: 9.245000000000001
n 7 : Test SE: 0.07605085150076317 Train SE: 0.0781253176659054 Test Error Rate: 9.19, Train Error Rate: 9.353333333333333
n 8 : Test SE: 0.07381552409188238 Train SE: 0.07624886643405623 Test Error Rate: 8.649999999999999, Train Error Rate: 9.081666666666667
n 8 : Test SE: 0.07598824992528645 Train SE: 0.07749211423089553 Test Error Rate: 9.049999999999999, Train Error Rate: 9.206666666666667
n 9 : Test SE: 0.0738399739624888 Train SE: 0.07615955700747175 Test Error Rate: 8.780000000000001, Train Error Rate: 9.108333333333334
n 9 : Test SE: 0.07460256398098475 Train SE: 0.07661988551519044 Test Error Rate: 8.959999999999999, Train Error Rate: 9.115
n 10 : Test SE: 0.07433487282445275 Train SE: 0.0759303552566436 Test Error Rate: 8.870000000000001, Train Error Rate: 9.126666666666667
n 10 : Test SE: 0.07427102171079265 Train SE: 0.07625550318947075 Test Error Rate: 8.84, Train Error Rate: 9.120000000000001
n 11 : Test SE: 0.07407081064629008 Train SE: 0.0749229253868001 Test Error Rate: 8.98, Train Error Rate: 8.978333333333333
n 11 : Test SE: 0.07483064034337238 Train SE: 0.07589210314878854 Test Error Rate: 9.11, Train Error Rate: 9.048333333333334
n 12 : Test SE: 0.0738964257530925 Train SE: 0.07497940248402747 Test Error Rate: 8.81, Train Error Rate: 8.921666666666667
n 12 : Test SE: 0.07433515983718092 Train SE: 0.0753027720016961 Test Error Rate: 9.02, Train Error Rate: 8.958333333333334
n 13 : Test SE: 0.07392033251640917 Train SE: 0.07488436838563158 Test Error Rate: 8.75, Train Error Rate: 8.961666666666666
n 13 : Test SE: 0.0740962272602621 Train SE: 0.07535414446042692 Test Error Rate: 8.88, Train Error Rate: 8.986666666666666
n 14 : Test SE: 0.07402611107037513 Train SE: 0.07440780346275251 Test Error Rate: 8.95, Train Error Rate: 8.921666666666667
n 14 : Test SE: 0.07452449244854548 Train SE: 0.07436559888063343 Test Error Rate: 9.08, Train Error Rate: 8.848333333333333
Done!
Training HP 10 3
n 0 : Test SE: 0.10421942392297173 Train SE: 0.10782839626043918 Test Error Rate: 11.39, Train Error Rate: 12.386666666666667
n 0 : Test SE: 0.09468642132591418 Train SE: 0.097561992858889 Test Error Rate: 11.08, Train Error Rate: 11.66
n 1 : Test SE: 0.09091086420263271 Train SE: 0.09328411713633487 Test Error Rate: 10.63, Train Error Rate: 11.098333333333334
n 1 : Test SE: 0.08988206155983577 Train SE: 0.09173937893961272 Test Error Rate: 10.74, Train Error Rate: 11.126666666666667
n 2 : Test SE: 0.08855391599835834 Train SE: 0.08995568879934523 Test Error Rate: 10.54, Train Error Rate: 10.678333333333333
n 2 : Test SE: 0.08781695135210904 Train SE: 0.0896308917186611 Test Error Rate: 10.37, Train Error Rate: 10.8
n 3 : Test SE: 0.0876252114522977 Train SE: 0.08851929486441341 Test Error Rate: 10.27, Train Error Rate: 10.52
n 3 : Test SE: 0.08687931087478379 Train SE: 0.08899911243876664 Test Error Rate: 10.32, Train Error Rate: 10.761666666666667
n 4 : Test SE: 0.08543628720946284 Train SE: 0.08677841419752193 Test Error Rate: 9.84, Train Error Rate: 10.338333333333333
n 4 : Test SE: 0.08658720222190314 Train SE: 0.08913025986200021 Test Error Rate: 10.38, Train Error Rate: 10.755
n 5 : Test SE: 0.0850269854309698 Train SE: 0.08672315907694751 Test Error Rate: 9.99, Train Error Rate: 10.326666666666668
n 5 : Test SE: 0.08544645372409906 Train SE: 0.08787625634822915 Test Error Rate: 10.15, Train Error Rate: 10.61
n 6 : Test SE: 0.08488995828208112 Train SE: 0.085838257853401 Test Error Rate: 10.03, Train Error Rate: 10.190000000000001
n 6 : Test SE: 0.08437509637052283 Train SE: 0.08600428065096809 Test Error Rate: 10.100000000000001, Train Error Rate: 10.373333333333333
n 7 : Test SE: 0.08373685904990452 Train SE: 0.08542419053814025 Test Error Rate: 9.85, Train Error Rate: 10.228333333333333
n 7 : Test SE: 0.08274644389907397 Train SE: 0.08519451387346867 Test Error Rate: 9.84, Train Error Rate: 10.338333333333333
n 8 : Test SE: 0.08416138090089936 Train SE: 0.08454034166584987 Test Error Rate: 10.040000000000001, Train Error Rate: 10.116666666666667
n 8 : Test SE: 0.0832599263038113 Train SE: 0.08497552763261533 Test Error Rate: 9.98, Train Error Rate: 10.393333333333334
n 9 : Test SE: 0.08413990699554971 Train SE: 0.08438532034768799 Test Error Rate: 9.86, Train Error Rate: 10.141666666666667
n 9 : Test SE: 0.08355583254413707 Train SE: 0.08476777359912271 Test Error Rate: 10.01, Train Error Rate: 10.273333333333333
n 10 : Test SE: 0.084422733530384 Train SE: 0.08406372476693473 Test Error Rate: 9.959999999999999, Train Error Rate: 10.036666666666667
n 10 : Test SE: 0.08252166404783119 Train SE: 0.08387318862913352 Test Error Rate: 9.9, Train Error Rate: 10.158333333333333
n 11 : Test SE: 0.08522907577866393 Train SE: 0.08452590922868912 Test Error Rate: 10.040000000000001, Train Error Rate: 10.221666666666666
n 11 : Test SE: 0.08351628989003404 Train SE: 0.08415652796598368 Test Error Rate: 9.86, Train Error Rate: 10.176666666666668
n 12 : Test SE: 0.08522980488078556 Train SE: 0.08432862444467418 Test Error Rate: 10.11, Train Error Rate: 10.176666666666668
n 12 : Test SE: 0.082576135643447 Train SE: 0.08360019588909484 Test Error Rate: 9.879999999999999, Train Error Rate: 10.136666666666667
n 13 : Test SE: 0.08485626954156285 Train SE: 0.0840427091604265 Test Error Rate: 10.0, Train Error Rate: 10.096666666666666
n 13 : Test SE: 0.08209740711352169 Train SE: 0.08308471701484059 Test Error Rate: 9.8, Train Error Rate: 10.040000000000001
n 14 : Test SE: 0.08398498261836947 Train SE: 0.08334612036985324 Test Error Rate: 10.15, Train Error Rate: 9.998333333333333
n 14 : Test SE: 0.08241699233073678 Train SE: 0.08295135050252297 Test Error Rate: 9.8, Train Error Rate: 10.01
Done!
Training HP 10 4
n 0 : Test SE: 0.09897635665727456 Train SE: 0.10204746282637185 Test Error Rate: 10.979999999999999, Train Error Rate: 11.506666666666666
n 0 : Test SE: 0.09095015166973214 Train SE: 0.09328900405443524 Test Error Rate: 10.9, Train Error Rate: 11.12
n 1 : Test SE: 0.08545587500273369 Train SE: 0.08808585974987666 Test Error Rate: 10.09, Train Error Rate: 10.271666666666667
n 1 : Test SE: 0.08501521014228809 Train SE: 0.08746303098452035 Test Error Rate: 10.11, Train Error Rate: 10.43
n 2 : Test SE: 0.08284040728956556 Train SE: 0.0854447248091614 Test Error Rate: 9.77, Train Error Rate: 9.998333333333333
n 2 : Test SE: 0.08298510987160669 Train SE: 0.0851480985601116 Test Error Rate: 9.71, Train Error Rate: 10.135
n 3 : Test SE: 0.08212591000835584 Train SE: 0.08440171159209234 Test Error Rate: 9.49, Train Error Rate: 9.958333333333332
n 3 : Test SE: 0.08178246988307418 Train SE: 0.08402309053941091 Test Error Rate: 9.64, Train Error Rate: 10.001666666666667
n 4 : Test SE: 0.08176177815699426 Train SE: 0.08357060367799043 Test Error Rate: 9.47, Train Error Rate: 9.838333333333333
n 4 : Test SE: 0.08040848583703762 Train SE: 0.08298241615756356 Test Error Rate: 9.45, Train Error Rate: 9.846666666666666
n 5 : Test SE: 0.08179685319623205 Train SE: 0.08303498821128405 Test Error Rate: 9.4, Train Error Rate: 9.758333333333333
n 5 : Test SE: 0.07969017851217933 Train SE: 0.0820517560798213 Test Error Rate: 9.22, Train Error Rate: 9.645
n 6 : Test SE: 0.0807555514926459 Train SE: 0.08202668814155371 Test Error Rate: 9.44, Train Error Rate: 9.633333333333335
n 6 : Test SE: 0.0791975085555125 Train SE: 0.08149043420593872 Test Error Rate: 9.2, Train Error Rate: 9.5
n 7 : Test SE: 0.08032541054340259 Train SE: 0.08146207135773709 Test Error Rate: 9.41, Train Error Rate: 9.496666666666668
n 7 : Test SE: 0.0798457767427683 Train SE: 0.08113374954841487 Test Error Rate: 9.379999999999999, Train Error Rate: 9.456666666666665
n 8 : Test SE: 0.08065170752623123 Train SE: 0.08171337674554167 Test Error Rate: 9.47, Train Error Rate: 9.618333333333332
n 8 : Test SE: 0.0803093309427509 Train SE: 0.08105763644262863 Test Error Rate: 9.47, Train Error Rate: 9.538333333333334
n 9 : Test SE: 0.07933115121419487 Train SE: 0.08080200675526743 Test Error Rate: 9.19, Train Error Rate: 9.496666666666668
n 9 : Test SE: 0.08020833274994257 Train SE: 0.08102345498950259 Test Error Rate: 9.48, Train Error Rate: 9.575
n 10 : Test SE: 0.07980879753121023 Train SE: 0.08045536881686764 Test Error Rate: 9.34, Train Error Rate: 9.471666666666668
n 10 : Test SE: 0.07950470966131087 Train SE: 0.08043021999660269 Test Error Rate: 9.43, Train Error Rate: 9.4
n 11 : Test SE: 0.08047225523922423 Train SE: 0.08086922174342649 Test Error Rate: 9.44, Train Error Rate: 9.516666666666666
n 11 : Test SE: 0.07927398875041224 Train SE: 0.0798906260036086 Test Error Rate: 9.229999999999999, Train Error Rate: 9.393333333333333
n 12 : Test SE: 0.07907767267255414 Train SE: 0.0803351433634177 Test Error Rate: 9.32, Train Error Rate: 9.443333333333333
n 12 : Test SE: 0.07918120268963788 Train SE: 0.07997871657541633 Test Error Rate: 9.2, Train Error Rate: 9.371666666666666
n 13 : Test SE: 0.07919956534461367 Train SE: 0.08062417564883868 Test Error Rate: 9.28, Train Error Rate: 9.501666666666667
n 13 : Test SE: 0.07946576689019774 Train SE: 0.08013485676780419 Test Error Rate: 9.27, Train Error Rate: 9.488333333333333
n 14 : Test SE: 0.07991374145732076 Train SE: 0.0806911449080208 Test Error Rate: 9.26, Train Error Rate: 9.526666666666667
n 14 : Test SE: 0.07915526015422425 Train SE: 0.08011496858502282 Test Error Rate: 9.16, Train Error Rate: 9.465
Done!
Training HP 10 5
n 0 : Test SE: 0.10693008122908593 Train SE: 0.1103103812112945 Test Error Rate: 12.19, Train Error Rate: 12.793333333333335
n 0 : Test SE: 0.09894770490492612 Train SE: 0.10124995965050378 Test Error Rate: 11.73, Train Error Rate: 12.215
n 1 : Test SE: 0.0934947178665809 Train SE: 0.09673357829163257 Test Error Rate: 11.07, Train Error Rate: 11.598333333333333
n 1 : Test SE: 0.09053916157458235 Train SE: 0.09336264620266696 Test Error Rate: 10.43, Train Error Rate: 11.281666666666666
n 2 : Test SE: 0.08792086147785896 Train SE: 0.09137127255334969 Test Error Rate: 10.5, Train Error Rate: 10.979999999999999
n 2 : Test SE: 0.086938508931069 Train SE: 0.08915887024385093 Test Error Rate: 10.48, Train Error Rate: 10.778333333333332
n 3 : Test SE: 0.0853989830276448 Train SE: 0.0882643797571341 Test Error Rate: 10.299999999999999, Train Error Rate: 10.768333333333334
n 3 : Test SE: 0.08532860085918086 Train SE: 0.08738514440304902 Test Error Rate: 10.31, Train Error Rate: 10.639999999999999
n 4 : Test SE: 0.0849066052773055 Train SE: 0.08695169383825076 Test Error Rate: 10.2, Train Error Rate: 10.59
n 4 : Test SE: 0.08410332497961283 Train SE: 0.08553009950646003 Test Error Rate: 10.290000000000001, Train Error Rate: 10.506666666666668
n 5 : Test SE: 0.08371263320750663 Train SE: 0.08471547373677821 Test Error Rate: 10.24, Train Error Rate: 10.286666666666665
n 5 : Test SE: 0.08262466765875992 Train SE: 0.08393535753414978 Test Error Rate: 9.99, Train Error Rate: 10.288333333333332
n 6 : Test SE: 0.08189235540630359 Train SE: 0.08403089290778479 Test Error Rate: 9.98, Train Error Rate: 10.135
n 6 : Test SE: 0.08174453238635629 Train SE: 0.08297546156826574 Test Error Rate: 9.950000000000001, Train Error Rate: 10.073333333333332
n 7 : Test SE: 0.08119519906804455 Train SE: 0.0828086136553776 Test Error Rate: 9.54, Train Error Rate: 9.963333333333333
n 7 : Test SE: 0.08180315455939913 Train SE: 0.08250856632033898 Test Error Rate: 9.85, Train Error Rate: 9.916666666666666
n 8 : Test SE: 0.08080041872398738 Train SE: 0.08216773890419922 Test Error Rate: 9.520000000000001, Train Error Rate: 9.808333333333334
n 8 : Test SE: 0.08054693116737587 Train SE: 0.08168510540180254 Test Error Rate: 9.65, Train Error Rate: 9.731666666666666
n 9 : Test SE: 0.08009146135239342 Train SE: 0.08165027594134427 Test Error Rate: 9.48, Train Error Rate: 9.700000000000001
n 9 : Test SE: 0.08013281790682625 Train SE: 0.08148360699714385 Test Error Rate: 9.379999999999999, Train Error Rate: 9.683333333333334
n 10 : Test SE: 0.07851602891617875 Train SE: 0.07958155182434447 Test Error Rate: 9.07, Train Error Rate: 9.468333333333332
n 10 : Test SE: 0.08006335213666069 Train SE: 0.08095596569361528 Test Error Rate: 9.42, Train Error Rate: 9.526666666666667
n 11 : Test SE: 0.0788617099016009 Train SE: 0.07970116227980116 Test Error Rate: 9.2, Train Error Rate: 9.455
n 11 : Test SE: 0.07865729633569453 Train SE: 0.08018948316423583 Test Error Rate: 9.51, Train Error Rate: 9.49
n 12 : Test SE: 0.07794567642133542 Train SE: 0.07911195166929608 Test Error Rate: 9.09, Train Error Rate: 9.303333333333333
n 12 : Test SE: 0.0783069915578279 Train SE: 0.08009454580737273 Test Error Rate: 9.34, Train Error Rate: 9.441666666666666
n 13 : Test SE: 0.07620636292770748 Train SE: 0.0786954868589452 Test Error Rate: 8.75, Train Error Rate: 9.345
n 13 : Test SE: 0.07676981984472286 Train SE: 0.07873165693845159 Test Error Rate: 9.19, Train Error Rate: 9.385
n 14 : Test SE: 0.07628322259368321 Train SE: 0.07828282680591156 Test Error Rate: 8.85, Train Error Rate: 9.263333333333334
n 14 : Test SE: 0.0765525260768573 Train SE: 0.07816038927859482 Test Error Rate: 9.01, Train Error Rate: 9.241666666666665
Done!
Training HP 10 6
n 0 : Test SE: 0.10192677571129066 Train SE: 0.10539135816177084 Test Error Rate: 11.88, Train Error Rate: 12.31
n 0 : Test SE: 0.09477068280537167 Train SE: 0.09761418039694686 Test Error Rate: 11.52, Train Error Rate: 11.83
n 1 : Test SE: 0.08842257530395002 Train SE: 0.09287636596422191 Test Error Rate: 10.35, Train Error Rate: 11.110000000000001
n 1 : Test SE: 0.08993396857606034 Train SE: 0.09284109565920448 Test Error Rate: 10.6, Train Error Rate: 11.271666666666667
n 2 : Test SE: 0.08577097547947708 Train SE: 0.09008580086599409 Test Error Rate: 10.18, Train Error Rate: 10.801666666666666
n 2 : Test SE: 0.08735152937114928 Train SE: 0.09028768911691644 Test Error Rate: 10.38, Train Error Rate: 10.903333333333332
n 3 : Test SE: 0.08323340258737784 Train SE: 0.08784644733027999 Test Error Rate: 9.84, Train Error Rate: 10.468333333333334
n 3 : Test SE: 0.0856980264890872 Train SE: 0.08789941602970042 Test Error Rate: 9.86, Train Error Rate: 10.598333333333333
n 4 : Test SE: 0.08255902577082835 Train SE: 0.0869729202133602 Test Error Rate: 9.67, Train Error Rate: 10.433333333333334
n 4 : Test SE: 0.08409307021195933 Train SE: 0.08668343172035789 Test Error Rate: 9.68, Train Error Rate: 10.511666666666667
n 5 : Test SE: 0.08194643479179811 Train SE: 0.08592613271134995 Test Error Rate: 9.73, Train Error Rate: 10.351666666666667
n 5 : Test SE: 0.08363671132596089 Train SE: 0.08632794750203522 Test Error Rate: 9.59, Train Error Rate: 10.401666666666666
n 6 : Test SE: 0.08181942660961962 Train SE: 0.08530719277003011 Test Error Rate: 9.790000000000001, Train Error Rate: 10.203333333333333
n 6 : Test SE: 0.08308310619092935 Train SE: 0.08616590216963535 Test Error Rate: 9.610000000000001, Train Error Rate: 10.398333333333333
n 7 : Test SE: 0.08176696004316376 Train SE: 0.08498502480787731 Test Error Rate: 9.76, Train Error Rate: 10.184999999999999
n 7 : Test SE: 0.08287677781283703 Train SE: 0.08550676124140404 Test Error Rate: 9.59, Train Error Rate: 10.318333333333333
n 8 : Test SE: 0.08154427377654369 Train SE: 0.08463748584155821 Test Error Rate: 9.56, Train Error Rate: 10.126666666666667
n 8 : Test SE: 0.0824851279988814 Train SE: 0.08550498202528661 Test Error Rate: 9.68, Train Error Rate: 10.274999999999999
n 9 : Test SE: 0.08167522866993356 Train SE: 0.08460640898351302 Test Error Rate: 9.569999999999999, Train Error Rate: 10.121666666666666
n 9 : Test SE: 0.08229994422423054 Train SE: 0.08496586124050856 Test Error Rate: 9.71, Train Error Rate: 10.184999999999999
n 10 : Test SE: 0.0814121152011562 Train SE: 0.08408812632975567 Test Error Rate: 9.62, Train Error Rate: 10.001666666666667
n 10 : Test SE: 0.08266570973770306 Train SE: 0.08518878350459719 Test Error Rate: 9.68, Train Error Rate: 10.285
n 11 : Test SE: 0.08115742571027935 Train SE: 0.08421225148547265 Test Error Rate: 9.39, Train Error Rate: 10.056666666666667
n 11 : Test SE: 0.08226614269733785 Train SE: 0.08437229955356702 Test Error Rate: 9.78, Train Error Rate: 10.231666666666667
n 12 : Test SE: 0.08166825798215552 Train SE: 0.08377124941164488 Test Error Rate: 9.55, Train Error Rate: 10.038333333333334
n 12 : Test SE: 0.08300110964894657 Train SE: 0.0850075370720902 Test Error Rate: 9.71, Train Error Rate: 10.338333333333333
n 13 : Test SE: 0.0812766290805564 Train SE: 0.08410761403560753 Test Error Rate: 9.65, Train Error Rate: 10.116666666666667
n 13 : Test SE: 0.08244220379898075 Train SE: 0.0844649141236652 Test Error Rate: 9.700000000000001, Train Error Rate: 10.301666666666668
n 14 : Test SE: 0.08136174516383239 Train SE: 0.08334476374756841 Test Error Rate: 9.69, Train Error Rate: 10.063333333333334
n 14 : Test SE: 0.08290271396480535 Train SE: 0.08447464239740597 Test Error Rate: 9.81, Train Error Rate: 10.280000000000001
Done!
Training HP 10 7
n 0 : Test SE: 0.1046010287039406 Train SE: 0.10807071651459035 Test Error Rate: 11.66, Train Error Rate: 12.183333333333334
n 0 : Test SE: 0.09102078105038922 Train SE: 0.09450822003098945 Test Error Rate: 10.549999999999999, Train Error Rate: 11.195
n 1 : Test SE: 0.08760861712006134 Train SE: 0.09098726483849211 Test Error Rate: 10.36, Train Error Rate: 10.716666666666667
n 1 : Test SE: 0.08643306229849401 Train SE: 0.08875471617856773 Test Error Rate: 10.63, Train Error Rate: 10.738333333333333
n 2 : Test SE: 0.08463425272714467 Train SE: 0.08719618496086501 Test Error Rate: 10.27, Train Error Rate: 10.533333333333333
n 2 : Test SE: 0.08431047604089288 Train SE: 0.08597403805544905 Test Error Rate: 10.17, Train Error Rate: 10.455
n 3 : Test SE: 0.08300319661067061 Train SE: 0.0852657526850751 Test Error Rate: 10.12, Train Error Rate: 10.358333333333333
n 3 : Test SE: 0.08289877127979271 Train SE: 0.08472118639132405 Test Error Rate: 10.07, Train Error Rate: 10.331666666666667
n 4 : Test SE: 0.08107992617102798 Train SE: 0.08293325760444047 Test Error Rate: 9.77, Train Error Rate: 10.068333333333333
n 4 : Test SE: 0.08103456456946265 Train SE: 0.08327597753040572 Test Error Rate: 9.99, Train Error Rate: 10.093333333333334
n 5 : Test SE: 0.08026064612529983 Train SE: 0.0819288819089637 Test Error Rate: 9.73, Train Error Rate: 9.933333333333334
n 5 : Test SE: 0.0801057910173587 Train SE: 0.0821316371667928 Test Error Rate: 9.77, Train Error Rate: 10.015
n 6 : Test SE: 0.0795032069402969 Train SE: 0.08091108203790445 Test Error Rate: 9.58, Train Error Rate: 9.76
n 6 : Test SE: 0.07915865343213449 Train SE: 0.08018547603002027 Test Error Rate: 9.66, Train Error Rate: 9.696666666666667
n 7 : Test SE: 0.07873717155878648 Train SE: 0.08025216267527024 Test Error Rate: 9.66, Train Error Rate: 9.666666666666666
n 7 : Test SE: 0.07861573343224268 Train SE: 0.07936990216975497 Test Error Rate: 9.64, Train Error Rate: 9.606666666666666
n 8 : Test SE: 0.076726802665764 Train SE: 0.07882665071815287 Test Error Rate: 9.13, Train Error Rate: 9.55
n 8 : Test SE: 0.07759542174443045 Train SE: 0.07872253492005638 Test Error Rate: 9.35, Train Error Rate: 9.508333333333335
n 9 : Test SE: 0.0764589332573834 Train SE: 0.07829238703981872 Test Error Rate: 9.32, Train Error Rate: 9.445
n 9 : Test SE: 0.07653994499035043 Train SE: 0.07796169169676605 Test Error Rate: 9.2, Train Error Rate: 9.411666666666667
n 10 : Test SE: 0.07731647732068246 Train SE: 0.07837425296336699 Test Error Rate: 9.39, Train Error Rate: 9.405
n 10 : Test SE: 0.07619171377125278 Train SE: 0.0773844476366316 Test Error Rate: 9.24, Train Error Rate: 9.33
n 11 : Test SE: 0.0767411760924654 Train SE: 0.07796490161349835 Test Error Rate: 9.42, Train Error Rate: 9.403333333333332
n 11 : Test SE: 0.07605809748464588 Train SE: 0.07720610065763059 Test Error Rate: 9.370000000000001, Train Error Rate: 9.286666666666667
n 12 : Test SE: 0.07701239886932278 Train SE: 0.07769463633255623 Test Error Rate: 9.43, Train Error Rate: 9.368333333333332
n 12 : Test SE: 0.0758581646855826 Train SE: 0.07711284888208518 Test Error Rate: 9.2, Train Error Rate: 9.253333333333332
n 13 : Test SE: 0.07664010344888189 Train SE: 0.07745699986657825 Test Error Rate: 9.42, Train Error Rate: 9.263333333333334
n 13 : Test SE: 0.07620825719774156 Train SE: 0.0769330648099769 Test Error Rate: 9.28, Train Error Rate: 9.145
n 14 : Test SE: 0.07711539241089428 Train SE: 0.07745658430499058 Test Error Rate: 9.39, Train Error Rate: 9.278333333333332
n 14 : Test SE: 0.07608661373566562 Train SE: 0.07693724538097654 Test Error Rate: 9.3, Train Error Rate: 9.258333333333333
Done!
Training HP 10 8
n 0 : Test SE: 0.12856107814265114 Train SE: 0.1317117064524039 Test Error Rate: 14.7, Train Error Rate: 14.983333333333334
n 0 : Test SE: 0.09781782625640657 Train SE: 0.10101800984489959 Test Error Rate: 11.59, Train Error Rate: 11.940000000000001
n 1 : Test SE: 0.09055869626387354 Train SE: 0.09319107392741957 Test Error Rate: 10.67, Train Error Rate: 10.951666666666666
n 1 : Test SE: 0.09108839518160526 Train SE: 0.09170834473803496 Test Error Rate: 11.25, Train Error Rate: 11.016666666666666
n 2 : Test SE: 0.08648709973813322 Train SE: 0.08896042750805955 Test Error Rate: 10.4, Train Error Rate: 10.65
n 2 : Test SE: 0.08848133972878312 Train SE: 0.08892313374851754 Test Error Rate: 10.69, Train Error Rate: 10.705
n 3 : Test SE: 0.08548527673264258 Train SE: 0.08748803879125953 Test Error Rate: 10.13, Train Error Rate: 10.459999999999999
n 3 : Test SE: 0.0874880768769658 Train SE: 0.0878545930096916 Test Error Rate: 10.57, Train Error Rate: 10.475
n 4 : Test SE: 0.0849513514694934 Train SE: 0.08633653232086147 Test Error Rate: 10.01, Train Error Rate: 10.233333333333333
n 4 : Test SE: 0.08450720174148812 Train SE: 0.08603706426874604 Test Error Rate: 10.08, Train Error Rate: 10.316666666666666
n 5 : Test SE: 0.08261297591880279 Train SE: 0.0843288964739404 Test Error Rate: 9.82, Train Error Rate: 10.02
n 5 : Test SE: 0.08443341120923824 Train SE: 0.0855495259805 Test Error Rate: 10.2, Train Error Rate: 10.223333333333333
n 6 : Test SE: 0.08093968568189487 Train SE: 0.0829562902229534 Test Error Rate: 9.83, Train Error Rate: 9.835
n 6 : Test SE: 0.08134337585481086 Train SE: 0.0831839998861317 Test Error Rate: 9.81, Train Error Rate: 9.981666666666666
n 7 : Test SE: 0.08108049119730128 Train SE: 0.08307872142961298 Test Error Rate: 9.82, Train Error Rate: 9.876666666666667
n 7 : Test SE: 0.08057962469223816 Train SE: 0.08252516187280984 Test Error Rate: 9.66, Train Error Rate: 9.853333333333333
n 8 : Test SE: 0.07868854360012306 Train SE: 0.08168196812508541 Test Error Rate: 9.49, Train Error Rate: 9.653333333333332
n 8 : Test SE: 0.08030371944293303 Train SE: 0.08290247129556239 Test Error Rate: 9.700000000000001, Train Error Rate: 9.969999999999999
n 9 : Test SE: 0.07847271644666144 Train SE: 0.08170138179930304 Test Error Rate: 9.51, Train Error Rate: 9.675
n 9 : Test SE: 0.07992451570377183 Train SE: 0.08308995656299652 Test Error Rate: 9.73, Train Error Rate: 9.973333333333333
n 10 : Test SE: 0.07800437792192104 Train SE: 0.08096566432539629 Test Error Rate: 9.42, Train Error Rate: 9.573333333333334
n 10 : Test SE: 0.0799571452456867 Train SE: 0.08220226142422087 Test Error Rate: 9.53, Train Error Rate: 9.785
n 11 : Test SE: 0.07779938033107801 Train SE: 0.08030077322152407 Test Error Rate: 9.4, Train Error Rate: 9.473333333333333
n 11 : Test SE: 0.07876676012996925 Train SE: 0.08127369017553589 Test Error Rate: 9.39, Train Error Rate: 9.610000000000001/home/ec2-user/anaconda3/lib/python3.6/site-packages/sklearn/utils/validation.py:475: DataConversionWarning: Data with input dtype >f8 was converted to float64 by the scale function.
  warnings.warn(msg, DataConversionWarning)

n 12 : Test SE: 0.07747460163385579 Train SE: 0.07973536943832306 Test Error Rate: 9.370000000000001, Train Error Rate: 9.441666666666666
n 12 : Test SE: 0.07932863477999004 Train SE: 0.08152931657827553 Test Error Rate: 9.47, Train Error Rate: 9.69
n 13 : Test SE: 0.07663338577853955 Train SE: 0.0792994353855891 Test Error Rate: 9.07, Train Error Rate: 9.346666666666668
n 13 : Test SE: 0.07699492497765055 Train SE: 0.08001251615957111 Test Error Rate: 8.959999999999999, Train Error Rate: 9.446666666666667
n 14 : Test SE: 0.07640587657519798 Train SE: 0.07882249355747864 Test Error Rate: 9.07, Train Error Rate: 9.315
n 14 : Test SE: 0.07724226622440523 Train SE: 0.08029087784160188 Test Error Rate: 9.06, Train Error Rate: 9.42
Done!
