(60000, 50)
(60000,)
(10000, 50)
(10000,)
Training HP 1000 0
n 0 : Test SE: 0.12344745565539147 Train SE: 0.12906545120196916 Test Error Rate: 12.64, Train Error Rate: 13.735
n 0 : Test SE: 0.10150289667606278 Train SE: 0.1071313875749293 Test Error Rate: 10.67, Train Error Rate: 11.379999999999999
n 1 : Test SE: 0.09905614513426202 Train SE: 0.10462472388705464 Test Error Rate: 10.39, Train Error Rate: 10.773333333333333
n 1 : Test SE: 0.08938435625866356 Train SE: 0.09375361294731059 Test Error Rate: 9.44, Train Error Rate: 10.068333333333333
n 2 : Test SE: 0.0955644267502594 Train SE: 0.09935593733167387 Test Error Rate: 8.93, Train Error Rate: 9.565
n 2 : Test SE: 0.07335856511278786 Train SE: 0.07700136236992139 Test Error Rate: 7.76, Train Error Rate: 8.33
n 3 : Test SE: 0.07643334647805357 Train SE: 0.07698687711644217 Test Error Rate: 7.21, Train Error Rate: 7.778333333333333
n 3 : Test SE: 0.0668982018559543 Train SE: 0.06759317756507377 Test Error Rate: 7.049999999999999, Train Error Rate: 7.298333333333333
n 4 : Test SE: 0.06042959489525814 Train SE: 0.0611031486081963 Test Error Rate: 5.970000000000001, Train Error Rate: 6.283333333333334
n 4 : Test SE: 0.05685644229734345 Train SE: 0.05739076267870976 Test Error Rate: 5.7299999999999995, Train Error Rate: 5.821666666666666
n 5 : Test SE: 0.053254408256810666 Train SE: 0.05321896546190426 Test Error Rate: 5.3100000000000005, Train Error Rate: 5.391666666666667
n 5 : Test SE: 0.04729699762011916 Train SE: 0.04616452319429161 Test Error Rate: 5.0200000000000005, Train Error Rate: 4.845
n 6 : Test SE: 0.046435463699645046 Train SE: 0.043060129219518385 Test Error Rate: 4.54, Train Error Rate: 4.315
n 6 : Test SE: 0.04576863219080474 Train SE: 0.0425204047122586 Test Error Rate: 4.65, Train Error Rate: 4.265
n 7 : Test SE: 0.04169871846643676 Train SE: 0.03700351447932742 Test Error Rate: 4.15, Train Error Rate: 3.6783333333333337
n 7 : Test SE: 0.03887510255368744 Train SE: 0.03377837333987907 Test Error Rate: 3.7199999999999998, Train Error Rate: 3.3099999999999996
n 8 : Test SE: 0.033792417902340874 Train SE: 0.028049340836136596 Test Error Rate: 3.27, Train Error Rate: 2.8400000000000003
n 8 : Test SE: 0.03128970556189497 Train SE: 0.02580568286466152 Test Error Rate: 3.17, Train Error Rate: 2.65
n 9 : Test SE: 0.031954013722374885 Train SE: 0.025012450723824343 Test Error Rate: 3.2099999999999995, Train Error Rate: 2.585
n 9 : Test SE: 0.03115607000388652 Train SE: 0.023451252060181248 Test Error Rate: 3.17, Train Error Rate: 2.4233333333333333
n 10 : Test SE: 0.028916974029325946 Train SE: 0.021506134985749194 Test Error Rate: 2.82, Train Error Rate: 2.1716666666666664
n 10 : Test SE: 0.029951977162370105 Train SE: 0.021346173920153283 Test Error Rate: 2.97, Train Error Rate: 2.166666666666667
n 11 : Test SE: 0.02828844598042702 Train SE: 0.019408186676672903 Test Error Rate: 2.85, Train Error Rate: 2.013333333333333
n 11 : Test SE: 0.028214567817455304 Train SE: 0.018706647729961393 Test Error Rate: 2.69, Train Error Rate: 1.9533333333333334
n 12 : Test SE: 0.02620222097473796 Train SE: 0.01663179502865866 Test Error Rate: 2.65, Train Error Rate: 1.7833333333333332
n 12 : Test SE: 0.02559498039303158 Train SE: 0.01660347326140102 Test Error Rate: 2.6100000000000003, Train Error Rate: 1.7000000000000002
n 13 : Test SE: 0.02627453748221206 Train SE: 0.016252406641405353 Test Error Rate: 2.63, Train Error Rate: 1.6083333333333334
n 13 : Test SE: 0.026549349042426524 Train SE: 0.016155299402499886 Test Error Rate: 2.58, Train Error Rate: 1.5583333333333333
n 14 : Test SE: 0.024686481813496707 Train SE: 0.013887682885583416 Test Error Rate: 2.6100000000000003, Train Error Rate: 1.4866666666666668
n 14 : Test SE: 0.023602439974855956 Train SE: 0.01307278205854886 Test Error Rate: 2.54, Train Error Rate: 1.425
Done!
Training HP 1000 1
n 0 : Test SE: 0.15143629340474316 Train SE: 0.15384130653411277 Test Error Rate: 19.11, Train Error Rate: 19.563333333333333
n 0 : Test SE: 0.14534338860693718 Train SE: 0.14607297190932467 Test Error Rate: 18.529999999999998, Train Error Rate: 18.993333333333336
n 1 : Test SE: 0.12919782109240813 Train SE: 0.1308876404231727 Test Error Rate: 15.770000000000001, Train Error Rate: 16.306666666666665
n 1 : Test SE: 0.12090133208262176 Train SE: 0.12269163367384885 Test Error Rate: 14.799999999999999, Train Error Rate: 15.181666666666665
n 2 : Test SE: 0.11849721279127388 Train SE: 0.11827635747818534 Test Error Rate: 13.450000000000001, Train Error Rate: 13.91
n 2 : Test SE: 0.11125003225417913 Train SE: 0.11126498181231939 Test Error Rate: 12.13, Train Error Rate: 12.428333333333333
n 3 : Test SE: 0.08149825390771376 Train SE: 0.07963030683455222 Test Error Rate: 7.06, Train Error Rate: 7.296666666666667
n 3 : Test SE: 0.07110404481103445 Train SE: 0.07016188737425373 Test Error Rate: 6.9, Train Error Rate: 7.203333333333334
n 4 : Test SE: 0.06323070313355535 Train SE: 0.05995921293931093 Test Error Rate: 6.279999999999999, Train Error Rate: 6.136666666666667
n 4 : Test SE: 0.06035977560937147 Train SE: 0.05717519972508952 Test Error Rate: 5.84, Train Error Rate: 5.6899999999999995
n 5 : Test SE: 0.04807146517361 Train SE: 0.04278005717268698 Test Error Rate: 5.01, Train Error Rate: 4.5
n 5 : Test SE: 0.04756473722864091 Train SE: 0.04069219625056724 Test Error Rate: 4.9, Train Error Rate: 4.109999999999999
n 6 : Test SE: 0.04565422655558771 Train SE: 0.03987254331861062 Test Error Rate: 4.46, Train Error Rate: 3.9433333333333334
n 6 : Test SE: 0.0415289005336913 Train SE: 0.034367420421348285 Test Error Rate: 4.07, Train Error Rate: 3.3666666666666663
n 7 : Test SE: 0.05063567043158073 Train SE: 0.04284309718066361 Test Error Rate: 4.67, Train Error Rate: 3.94
n 7 : Test SE: 0.03844301281549445 Train SE: 0.030077417087027804 Test Error Rate: 3.8699999999999997, Train Error Rate: 2.955
n 8 : Test SE: 0.04130690633699456 Train SE: 0.031965798886533885 Test Error Rate: 4.12, Train Error Rate: 3.0666666666666664
n 8 : Test SE: 0.036303319697643575 Train SE: 0.02750022902383846 Test Error Rate: 3.58, Train Error Rate: 2.6233333333333335
n 9 : Test SE: 0.0359812490637932 Train SE: 0.026519352406764694 Test Error Rate: 3.42, Train Error Rate: 2.3983333333333334
n 9 : Test SE: 0.03276986209698972 Train SE: 0.022067004911682717 Test Error Rate: 3.15, Train Error Rate: 2.183333333333333
n 10 : Test SE: 0.037996709679385454 Train SE: 0.027554011330939644 Test Error Rate: 3.29, Train Error Rate: 2.3216666666666668
n 10 : Test SE: 0.03346242820498776 Train SE: 0.022029711704230532 Test Error Rate: 2.88, Train Error Rate: 1.9666666666666666
n 11 : Test SE: 0.03181825788796007 Train SE: 0.021283217011346778 Test Error Rate: 2.8899999999999997, Train Error Rate: 1.8183333333333334
n 11 : Test SE: 0.028784451805170398 Train SE: 0.01707961498786603 Test Error Rate: 2.86, Train Error Rate: 1.77
n 12 : Test SE: 0.034936912025467934 Train SE: 0.022872459813057067 Test Error Rate: 3.1300000000000003, Train Error Rate: 1.9349999999999998
n 12 : Test SE: 0.026694653577541385 Train SE: 0.01430616857821041 Test Error Rate: 2.78, Train Error Rate: 1.5416666666666667
n 13 : Test SE: 0.02601923591355096 Train SE: 0.014535588555211726 Test Error Rate: 2.6100000000000003, Train Error Rate: 1.4833333333333334
n 13 : Test SE: 0.025895014745168372 Train SE: 0.012716220486425863 Test Error Rate: 2.65, Train Error Rate: 1.405
n 14 : Test SE: 0.02755838081047255 Train SE: 0.014234216416151472 Test Error Rate: 2.6100000000000003, Train Error Rate: 1.3533333333333333
n 14 : Test SE: 0.02424724288158777 Train SE: 0.011197729920891472 Test Error Rate: 2.48, Train Error Rate: 1.2433333333333332
Done!
Training HP 1000 2
n 0 : Test SE: 0.12111586073952375 Train SE: 0.12677976366299057 Test Error Rate: 12.65, Train Error Rate: 13.184999999999999
n 0 : Test SE: 0.10381395847323481 Train SE: 0.10948501666595586 Test Error Rate: 10.280000000000001, Train Error Rate: 11.283333333333333
n 1 : Test SE: 0.09209842020924298 Train SE: 0.09664580097319957 Test Error Rate: 9.86, Train Error Rate: 10.278333333333334
n 1 : Test SE: 0.09951619113522849 Train SE: 0.10592476614782727 Test Error Rate: 10.290000000000001, Train Error Rate: 11.091666666666667
n 2 : Test SE: 0.08215876050281257 Train SE: 0.0827883422078869 Test Error Rate: 8.37, Train Error Rate: 8.751666666666667
n 2 : Test SE: 0.07545921214063879 Train SE: 0.0782319290715956 Test Error Rate: 7.99, Train Error Rate: 8.35
n 3 : Test SE: 0.07016242080288786 Train SE: 0.07153676573638083 Test Error Rate: 6.92, Train Error Rate: 7.248333333333333
n 3 : Test SE: 0.06210224655871396 Train SE: 0.06214502943929797 Test Error Rate: 6.39, Train Error Rate: 6.64
n 4 : Test SE: 0.059395916128041334 Train SE: 0.05858016711873598 Test Error Rate: 5.84, Train Error Rate: 6.045
n 4 : Test SE: 0.06049671458641834 Train SE: 0.06012648418594102 Test Error Rate: 6.569999999999999, Train Error Rate: 6.303333333333333
n 5 : Test SE: 0.051273973480632104 Train SE: 0.049577990973495495 Test Error Rate: 5.28, Train Error Rate: 5.065
n 5 : Test SE: 0.047553834488994196 Train SE: 0.04492940042394613 Test Error Rate: 5.050000000000001, Train Error Rate: 4.655
n 6 : Test SE: 0.044229661064932535 Train SE: 0.04119023145485582 Test Error Rate: 4.41, Train Error Rate: 4.055000000000001
n 6 : Test SE: 0.038150790302947275 Train SE: 0.03445119194114841 Test Error Rate: 4.03, Train Error Rate: 3.7116666666666664
n 7 : Test SE: 0.03902907235342951 Train SE: 0.034535109049012504 Test Error Rate: 4.04, Train Error Rate: 3.581666666666666
n 7 : Test SE: 0.035409285889147955 Train SE: 0.03074024858975533 Test Error Rate: 3.64, Train Error Rate: 3.325
n 8 : Test SE: 0.03538935884850997 Train SE: 0.030044148277016073 Test Error Rate: 3.36, Train Error Rate: 2.978333333333333
n 8 : Test SE: 0.03347615563811772 Train SE: 0.02725089143975889 Test Error Rate: 3.38, Train Error Rate: 2.8266666666666667
n 9 : Test SE: 0.03180994326567574 Train SE: 0.025224032543089303 Test Error Rate: 3.1399999999999997, Train Error Rate: 2.5483333333333333
n 9 : Test SE: 0.029363339954561928 Train SE: 0.0222625392815144 Test Error Rate: 3.06, Train Error Rate: 2.485
n 10 : Test SE: 0.0300956926539728 Train SE: 0.022111893988722497 Test Error Rate: 3.06, Train Error Rate: 2.2816666666666667
n 10 : Test SE: 0.02722685921005803 Train SE: 0.019346097560388503 Test Error Rate: 2.76, Train Error Rate: 2.0366666666666666
n 11 : Test SE: 0.03036164240244758 Train SE: 0.022195217795628875 Test Error Rate: 3.0, Train Error Rate: 2.143333333333333
n 11 : Test SE: 0.02570429564523412 Train SE: 0.016593515749461746 Test Error Rate: 2.77, Train Error Rate: 1.7583333333333333
n 12 : Test SE: 0.02886162982923019 Train SE: 0.019409375633883976 Test Error Rate: 2.87, Train Error Rate: 1.8450000000000002
n 12 : Test SE: 0.026193762852295088 Train SE: 0.01628971123137493 Test Error Rate: 2.74, Train Error Rate: 1.7166666666666668
n 13 : Test SE: 0.031324940378208176 Train SE: 0.02026358545530783 Test Error Rate: 2.8400000000000003, Train Error Rate: 1.7083333333333333
n 13 : Test SE: 0.023657822088858173 Train SE: 0.013653311402393994 Test Error Rate: 2.54, Train Error Rate: 1.4416666666666667
n 14 : Test SE: 0.036390407947372784 Train SE: 0.02423365516108339 Test Error Rate: 2.8899999999999997, Train Error Rate: 1.6016666666666666
n 14 : Test SE: 0.023848736935405127 Train SE: 0.012557825007238035 Test Error Rate: 2.46, Train Error Rate: 1.3
Done!
Training HP 1000 3
n 0 : Test SE: 0.11330821308290347 Train SE: 0.11755019196202494 Test Error Rate: 11.51, Train Error Rate: 12.221666666666668
n 0 : Test SE: 0.11307591748560987 Train SE: 0.11903281281253866 Test Error Rate: 10.25, Train Error Rate: 11.206666666666667
n 1 : Test SE: 0.08791021002351512 Train SE: 0.08974623559556981 Test Error Rate: 8.93, Train Error Rate: 9.285
n 1 : Test SE: 0.09045276654833173 Train SE: 0.09347117529007609 Test Error Rate: 8.98, Train Error Rate: 9.776666666666667
n 2 : Test SE: 0.07702838124466785 Train SE: 0.07851171974846945 Test Error Rate: 7.62, Train Error Rate: 8.088333333333333
n 2 : Test SE: 0.06929242274825609 Train SE: 0.07047228226090176 Test Error Rate: 7.13, Train Error Rate: 7.411666666666666
n 3 : Test SE: 0.06506081291751978 Train SE: 0.0636870036837196 Test Error Rate: 6.41, Train Error Rate: 6.6000000000000005
n 3 : Test SE: 0.06036904564372734 Train SE: 0.05981193938555424 Test Error Rate: 6.279999999999999, Train Error Rate: 6.365
n 4 : Test SE: 0.06342981609085083 Train SE: 0.061205731951288714 Test Error Rate: 6.39, Train Error Rate: 6.193333333333333
n 4 : Test SE: 0.051480761849357966 Train SE: 0.04985755763795854 Test Error Rate: 5.2, Train Error Rate: 5.3
n 5 : Test SE: 0.04836358442038381 Train SE: 0.04465758069093189 Test Error Rate: 4.89, Train Error Rate: 4.491666666666667
n 5 : Test SE: 0.04632919490282796 Train SE: 0.042402451430956896 Test Error Rate: 4.569999999999999, Train Error Rate: 4.26
n 6 : Test SE: 0.04456211681937918 Train SE: 0.037753497989917464 Test Error Rate: 4.09, Train Error Rate: 3.7383333333333333
n 6 : Test SE: 0.04126609007811343 Train SE: 0.03576002239239714 Test Error Rate: 4.04, Train Error Rate: 3.465
n 7 : Test SE: 0.039094666479486805 Train SE: 0.032825550394076745 Test Error Rate: 3.94, Train Error Rate: 3.283333333333333
n 7 : Test SE: 0.03622291799626509 Train SE: 0.02907294634422898 Test Error Rate: 3.3099999999999996, Train Error Rate: 2.7316666666666665
n 8 : Test SE: 0.03657188743176298 Train SE: 0.028868461296209548 Test Error Rate: 3.54, Train Error Rate: 2.77
n 8 : Test SE: 0.03180337987612783 Train SE: 0.024353322815712695 Test Error Rate: 2.98, Train Error Rate: 2.465
n 9 : Test SE: 0.03109157947011948 Train SE: 0.022754081154251912 Test Error Rate: 3.2300000000000004, Train Error Rate: 2.3666666666666667
n 9 : Test SE: 0.03131294898422802 Train SE: 0.022652432463434985 Test Error Rate: 3.02, Train Error Rate: 2.228333333333333
n 10 : Test SE: 0.02855362525625989 Train SE: 0.02030157875747863 Test Error Rate: 2.98, Train Error Rate: 2.0516666666666667
n 10 : Test SE: 0.03003909802121602 Train SE: 0.019594704047986654 Test Error Rate: 2.98, Train Error Rate: 1.9633333333333332
n 11 : Test SE: 0.02958348558543204 Train SE: 0.019332105227670954 Test Error Rate: 2.82, Train Error Rate: 1.8783333333333332
n 11 : Test SE: 0.02878600522713719 Train SE: 0.01841557427633562 Test Error Rate: 2.8899999999999997, Train Error Rate: 1.7566666666666668
n 12 : Test SE: 0.02793762964859313 Train SE: 0.019013800676643787 Test Error Rate: 2.52, Train Error Rate: 1.6166666666666667
n 12 : Test SE: 0.024218222133300802 Train SE: 0.013260834125159804 Test Error Rate: 2.55, Train Error Rate: 1.5033333333333332
n 13 : Test SE: 0.02295236318766329 Train SE: 0.012755061870496517 Test Error Rate: 2.2800000000000002, Train Error Rate: 1.3583333333333332
n 13 : Test SE: 0.02324363119673473 Train SE: 0.01225941096462387 Test Error Rate: 2.53, Train Error Rate: 1.34
n 14 : Test SE: 0.021467089412136327 Train SE: 0.010879720852320345 Test Error Rate: 2.23, Train Error Rate: 1.1866666666666665
n 14 : Test SE: 0.023047313535186298 Train SE: 0.011044671480586143 Test Error Rate: 2.46, Train Error Rate: 1.1766666666666667
Done!
Training HP 1000 4
n 0 : Test SE: 0.15786634477656322 Train SE: 0.16239760697428046 Test Error Rate: 19.040000000000003, Train Error Rate: 19.803333333333335
n 0 : Test SE: 0.11162209730311536 Train SE: 0.11816667687101147 Test Error Rate: 10.8, Train Error Rate: 11.618333333333334
n 1 : Test SE: 0.13210823133058486 Train SE: 0.13409749405870364 Test Error Rate: 11.44, Train Error Rate: 12.365
n 1 : Test SE: 0.08420317552846629 Train SE: 0.08612934990540855 Test Error Rate: 8.5, Train Error Rate: 8.951666666666666
n 2 : Test SE: 0.08153196662014218 Train SE: 0.0833092903977214 Test Error Rate: 8.0, Train Error Rate: 8.201666666666666
n 2 : Test SE: 0.0743495502498287 Train SE: 0.07558030803048005 Test Error Rate: 7.68, Train Error Rate: 7.9350000000000005
n 3 : Test SE: 0.06673806166448536 Train SE: 0.06746465206719927 Test Error Rate: 6.64, Train Error Rate: 6.660000000000001
n 3 : Test SE: 0.07118174489796276 Train SE: 0.07045709660821395 Test Error Rate: 7.04, Train Error Rate: 6.961666666666666
n 4 : Test SE: 0.055136980513462774 Train SE: 0.05391703157217005 Test Error Rate: 5.42, Train Error Rate: 5.448333333333333
n 4 : Test SE: 0.05203434981530281 Train SE: 0.04965959183337328 Test Error Rate: 5.35, Train Error Rate: 5.128333333333333
n 5 : Test SE: 0.05443104468502357 Train SE: 0.0516046620879788 Test Error Rate: 5.55, Train Error Rate: 5.188333333333333
n 5 : Test SE: 0.04412266851582462 Train SE: 0.039405238901241944 Test Error Rate: 4.55, Train Error Rate: 4.035
n 6 : Test SE: 0.04669810257177965 Train SE: 0.04218853918388961 Test Error Rate: 4.43, Train Error Rate: 3.93
n 6 : Test SE: 0.040100525116035304 Train SE: 0.03392696202019656 Test Error Rate: 3.93, Train Error Rate: 3.4633333333333334
n 7 : Test SE: 0.03437050191013885 Train SE: 0.028334665477768226 Test Error Rate: 3.4299999999999997, Train Error Rate: 2.9166666666666665
n 7 : Test SE: 0.0356268926099555 Train SE: 0.02896994969101904 Test Error Rate: 3.62, Train Error Rate: 2.9633333333333334
n 8 : Test SE: 0.03164887870392704 Train SE: 0.024726636566894746 Test Error Rate: 2.97, Train Error Rate: 2.56
n 8 : Test SE: 0.034797655853916934 Train SE: 0.02662453283583108 Test Error Rate: 3.18, Train Error Rate: 2.5833333333333335
n 9 : Test SE: 0.032907007461253815 Train SE: 0.02392694464628627 Test Error Rate: 3.27, Train Error Rate: 2.33
n 9 : Test SE: 0.030352045251074617 Train SE: 0.021597377768181734 Test Error Rate: 2.8899999999999997, Train Error Rate: 2.236666666666667
n 10 : Test SE: 0.02999728883917888 Train SE: 0.02074016305019603 Test Error Rate: 2.9899999999999998, Train Error Rate: 2.106666666666667
n 10 : Test SE: 0.031244588562818205 Train SE: 0.022102618140507884 Test Error Rate: 3.04, Train Error Rate: 2.105
n 11 : Test SE: 0.02794818205760901 Train SE: 0.017558201223386867 Test Error Rate: 2.69, Train Error Rate: 1.7766666666666666
n 11 : Test SE: 0.028151408228941223 Train SE: 0.018270210048125176 Test Error Rate: 2.69, Train Error Rate: 1.7566666666666668
n 12 : Test SE: 0.026640325385255004 Train SE: 0.01569433110414812 Test Error Rate: 2.58, Train Error Rate: 1.5966666666666667
n 12 : Test SE: 0.026456680968746902 Train SE: 0.016112501624857476 Test Error Rate: 2.6, Train Error Rate: 1.5983333333333332
n 13 : Test SE: 0.024380410570814255 Train SE: 0.013802087038418795 Test Error Rate: 2.52, Train Error Rate: 1.395
n 13 : Test SE: 0.02446681237854106 Train SE: 0.013296100014726472 Test Error Rate: 2.5700000000000003, Train Error Rate: 1.41
n 14 : Test SE: 0.03244389900937149 Train SE: 0.019536405477638605 Test Error Rate: 2.87, Train Error Rate: 1.6033333333333333
n 14 : Test SE: 0.024507670242054663 Train SE: 0.012235456124642196 Test Error Rate: 2.5, Train Error Rate: 1.2783333333333333
Done!
Training HP 1000 5
n 0 : Test SE: 0.17497556186017557 Train SE: 0.17713316677969881 Test Error Rate: 23.07, Train Error Rate: 23.50166666666667
n 0 : Test SE: 0.16209592178879118 Train SE: 0.16516445701430996 Test Error Rate: 21.19, Train Error Rate: 21.60833333333333
n 1 : Test SE: 0.14163928058642558 Train SE: 0.14253207485230007 Test Error Rate: 19.45, Train Error Rate: 19.781666666666666
n 1 : Test SE: 0.1375599442824761 Train SE: 0.1366428522220683 Test Error Rate: 18.459999999999997, Train Error Rate: 18.181666666666665
n 2 : Test SE: 0.12953273802960133 Train SE: 0.12824662183267488 Test Error Rate: 16.900000000000002, Train Error Rate: 17.036666666666665
n 2 : Test SE: 0.12606352883976463 Train SE: 0.12381602347926247 Test Error Rate: 16.57, Train Error Rate: 16.46
n 3 : Test SE: 0.13011213502683666 Train SE: 0.12938699988845287 Test Error Rate: 17.76, Train Error Rate: 17.781666666666666
n 3 : Test SE: 0.12261274778728243 Train SE: 0.12087126896272284 Test Error Rate: 16.91, Train Error Rate: 16.811666666666667
n 4 : Test SE: 0.10535429045963833 Train SE: 0.10173267407800708 Test Error Rate: 15.459999999999999, Train Error Rate: 15.265
n 4 : Test SE: 0.10580111624965773 Train SE: 0.10126118573510069 Test Error Rate: 16.150000000000002, Train Error Rate: 15.826666666666666
n 5 : Test SE: 0.10082021541738838 Train SE: 0.094495300750985 Test Error Rate: 15.620000000000001, Train Error Rate: 14.876666666666665
n 5 : Test SE: 0.09986850790715444 Train SE: 0.09359057871965576 Test Error Rate: 15.25, Train Error Rate: 14.59
n 6 : Test SE: 0.09098990307078153 Train SE: 0.08450304467093442 Test Error Rate: 14.63, Train Error Rate: 14.083333333333334
n 6 : Test SE: 0.09428421855709714 Train SE: 0.08710115649487969 Test Error Rate: 14.84, Train Error Rate: 14.121666666666666
n 7 : Test SE: 0.08988050454481286 Train SE: 0.08209963570011948 Test Error Rate: 14.549999999999999, Train Error Rate: 13.694999999999999
n 7 : Test SE: 0.08722020914311142 Train SE: 0.078245089176683 Test Error Rate: 14.299999999999999, Train Error Rate: 13.426666666666668
n 8 : Test SE: 0.09017243927770882 Train SE: 0.0811236359070169 Test Error Rate: 14.35, Train Error Rate: 13.530000000000001
n 8 : Test SE: 0.08663847242401194 Train SE: 0.07685599855662313 Test Error Rate: 14.39, Train Error Rate: 13.301666666666668
n 9 : Test SE: 0.08523202745866915 Train SE: 0.07721197112243108 Test Error Rate: 13.94, Train Error Rate: 13.139999999999999
n 9 : Test SE: 0.08395393539375695 Train SE: 0.07319625673893235 Test Error Rate: 13.98, Train Error Rate: 12.988333333333332
n 10 : Test SE: 0.09479502239091818 Train SE: 0.08479937165293547 Test Error Rate: 14.42, Train Error Rate: 13.363333333333333
n 10 : Test SE: 0.08340657518447209 Train SE: 0.07163037549662483 Test Error Rate: 13.889999999999999, Train Error Rate: 12.761666666666665
n 11 : Test SE: 0.08366448877005266 Train SE: 0.07193115593777283 Test Error Rate: 13.65, Train Error Rate: 12.635
n 11 : Test SE: 0.08334517957798664 Train SE: 0.07086527586464371 Test Error Rate: 13.86, Train Error Rate: 12.593333333333334
n 12 : Test SE: 0.08235527911732721 Train SE: 0.07018109329402082 Test Error Rate: 13.639999999999999, Train Error Rate: 12.571666666666667
n 12 : Test SE: 0.08062177434480543 Train SE: 0.06812910968174256 Test Error Rate: 13.469999999999999, Train Error Rate: 12.393333333333334
n 13 : Test SE: 0.08169449906641413 Train SE: 0.06858508986256931 Test Error Rate: 13.58, Train Error Rate: 12.426666666666666
n 13 : Test SE: 0.08395935693831613 Train SE: 0.07063033286159821 Test Error Rate: 13.719999999999999, Train Error Rate: 12.4
n 14 : Test SE: 0.08259824777562473 Train SE: 0.06865897776884111 Test Error Rate: 13.61, Train Error Rate: 12.373333333333333
n 14 : Test SE: 0.08074018409860666 Train SE: 0.06676500868703746 Test Error Rate: 13.58, Train Error Rate: 12.275
Done!
Training HP 1000 6
n 0 : Test SE: 0.10732355579040882 Train SE: 0.11263067294423237 Test Error Rate: 11.67, Train Error Rate: 12.218333333333334
n 0 : Test SE: 0.09991799729478598 Train SE: 0.10358346277310611 Test Error Rate: 10.190000000000001, Train Error Rate: 10.996666666666668
n 1 : Test SE: 0.09149650839633351 Train SE: 0.09726840923812934 Test Error Rate: 9.87, Train Error Rate: 10.373333333333333
n 1 : Test SE: 0.08887004856066716 Train SE: 0.09474109169421023 Test Error Rate: 8.77, Train Error Rate: 9.891666666666667
n 2 : Test SE: 0.0843165714523072 Train SE: 0.08809946908640058 Test Error Rate: 8.52, Train Error Rate: 8.946666666666667
n 2 : Test SE: 0.07631712854954446 Train SE: 0.08035081346748255 Test Error Rate: 8.19, Train Error Rate: 8.591666666666667
n 3 : Test SE: 0.07325070254343014 Train SE: 0.07483557253024149 Test Error Rate: 7.48, Train Error Rate: 7.828333333333333
n 3 : Test SE: 0.06530115436264813 Train SE: 0.06622170290257669 Test Error Rate: 6.97, Train Error Rate: 7.156666666666666
n 4 : Test SE: 0.05944908332037151 Train SE: 0.058292409202014776 Test Error Rate: 5.99, Train Error Rate: 6.015000000000001
n 4 : Test SE: 0.05502450791880099 Train SE: 0.05656270324245872 Test Error Rate: 5.63, Train Error Rate: 6.0249999999999995
n 5 : Test SE: 0.049540865686194396 Train SE: 0.04790484575862162 Test Error Rate: 4.8, Train Error Rate: 4.97
n 5 : Test SE: 0.04850558226990819 Train SE: 0.04657723478309049 Test Error Rate: 4.62, Train Error Rate: 4.733333333333333
n 6 : Test SE: 0.04609180927777419 Train SE: 0.041803673867953056 Test Error Rate: 4.45, Train Error Rate: 4.253333333333333
n 6 : Test SE: 0.04259869466856254 Train SE: 0.03965884115420495 Test Error Rate: 4.22, Train Error Rate: 3.94
n 7 : Test SE: 0.03871152138891585 Train SE: 0.034800074675575374 Test Error Rate: 3.91, Train Error Rate: 3.55
n 7 : Test SE: 0.03730594539404425 Train SE: 0.03210987661282489 Test Error Rate: 3.75, Train Error Rate: 3.2716666666666665
n 8 : Test SE: 0.04152565875802443 Train SE: 0.03473687315729875 Test Error Rate: 4.18, Train Error Rate: 3.5166666666666666
n 8 : Test SE: 0.03485190407366609 Train SE: 0.029061484443455694 Test Error Rate: 3.47, Train Error Rate: 2.905
n 9 : Test SE: 0.04501814176237103 Train SE: 0.03735262445470711 Test Error Rate: 4.3999999999999995, Train Error Rate: 3.56
n 9 : Test SE: 0.032972454653298705 Train SE: 0.02730280191668338 Test Error Rate: 2.96, Train Error Rate: 2.5316666666666667
n 10 : Test SE: 0.029904258839981726 Train SE: 0.023207826732570512 Test Error Rate: 3.0, Train Error Rate: 2.355
n 10 : Test SE: 0.02935733482419982 Train SE: 0.02212210893369628 Test Error Rate: 2.87, Train Error Rate: 2.1983333333333333
n 11 : Test SE: 0.03399089031629478 Train SE: 0.02448861581159343 Test Error Rate: 3.08, Train Error Rate: 2.255
n 11 : Test SE: 0.027736487025094073 Train SE: 0.01930968564715311 Test Error Rate: 2.77, Train Error Rate: 1.905
n 12 : Test SE: 0.028046179727293976 Train SE: 0.01911440769487462 Test Error Rate: 2.67, Train Error Rate: 1.8916666666666666
n 12 : Test SE: 0.02764624670164684 Train SE: 0.01811682271802815 Test Error Rate: 2.59, Train Error Rate: 1.7083333333333333
n 13 : Test SE: 0.031001396649406793 Train SE: 0.02055775686029195 Test Error Rate: 2.9000000000000004, Train Error Rate: 1.8866666666666667
n 13 : Test SE: 0.025788056431239072 Train SE: 0.015237944770646172 Test Error Rate: 2.65, Train Error Rate: 1.5983333333333332
n 14 : Test SE: 0.02286131113211785 Train SE: 0.012765912827518062 Test Error Rate: 2.3, Train Error Rate: 1.315
n 14 : Test SE: 0.025707597392447063 Train SE: 0.014354120936624424 Test Error Rate: 2.52, Train Error Rate: 1.395
Done!
Training HP 1000 7
n 0 : Test SE: 0.21724212968528833 Train SE: 0.22292085719343155 Test Error Rate: 35.22, Train Error Rate: 36.11
n 0 : Test SE: 0.21513744736239077 Train SE: 0.2192593420382346 Test Error Rate: 33.06, Train Error Rate: 33.78333333333333
n 1 : Test SE: 0.2039924682938416 Train SE: 0.20586180383541666 Test Error Rate: 32.45, Train Error Rate: 33.10333333333333
n 1 : Test SE: 0.19890926750097812 Train SE: 0.20059396567638985 Test Error Rate: 31.130000000000003, Train Error Rate: 31.745
n 2 : Test SE: 0.19517655016010418 Train SE: 0.1950851770750452 Test Error Rate: 31.130000000000003, Train Error Rate: 31.611666666666665
n 2 : Test SE: 0.1915349992862698 Train SE: 0.1922677309685442 Test Error Rate: 30.29, Train Error Rate: 30.741666666666667
n 3 : Test SE: 0.15709762644901062 Train SE: 0.15524654572396424 Test Error Rate: 23.330000000000002, Train Error Rate: 23.18166666666667
n 3 : Test SE: 0.14598434485424075 Train SE: 0.14298675757264645 Test Error Rate: 21.47, Train Error Rate: 21.725
n 4 : Test SE: 0.1412776957206152 Train SE: 0.13629410771609282 Test Error Rate: 21.8, Train Error Rate: 21.748333333333335
n 4 : Test SE: 0.1424320833550086 Train SE: 0.13854214155595176 Test Error Rate: 21.91, Train Error Rate: 21.751666666666665
n 5 : Test SE: 0.09412997984886814 Train SE: 0.08695135058310717 Test Error Rate: 13.420000000000002, Train Error Rate: 12.771666666666667
n 5 : Test SE: 0.09831800611049132 Train SE: 0.0901567003436141 Test Error Rate: 13.08, Train Error Rate: 12.256666666666668
n 6 : Test SE: 0.09168583995649132 Train SE: 0.0819961451128366 Test Error Rate: 13.26, Train Error Rate: 12.436666666666667
n 6 : Test SE: 0.09037580513727336 Train SE: 0.08122707830199599 Test Error Rate: 12.83, Train Error Rate: 12.016666666666667
n 7 : Test SE: 0.10271043779169986 Train SE: 0.09033749054995682 Test Error Rate: 13.5, Train Error Rate: 12.606666666666666
n 7 : Test SE: 0.08260744347182014 Train SE: 0.07287946352652047 Test Error Rate: 11.55, Train Error Rate: 10.780000000000001
n 8 : Test SE: 0.0592744579187863 Train SE: 0.04766703864865431 Test Error Rate: 5.76, Train Error Rate: 4.526666666666666
n 8 : Test SE: 0.05014575476379544 Train SE: 0.03953050211988812 Test Error Rate: 4.97, Train Error Rate: 4.226666666666667
n 9 : Test SE: 0.04772482582546235 Train SE: 0.036097615818631204 Test Error Rate: 4.58, Train Error Rate: 3.665
n 9 : Test SE: 0.041951797995151086 Train SE: 0.030201519982644736 Test Error Rate: 4.16, Train Error Rate: 3.038333333333333
n 10 : Test SE: 0.038404231992586475 Train SE: 0.026726696119275955 Test Error Rate: 3.6700000000000004, Train Error Rate: 2.711666666666667
n 10 : Test SE: 0.03890500952669385 Train SE: 0.026120653077224627 Test Error Rate: 3.5999999999999996, Train Error Rate: 2.4633333333333334
n 11 : Test SE: 0.03559324557500531 Train SE: 0.023368304521173812 Test Error Rate: 3.2800000000000002, Train Error Rate: 2.3916666666666666
n 11 : Test SE: 0.03759572489836769 Train SE: 0.022551217306537356 Test Error Rate: 3.2800000000000002, Train Error Rate: 1.9816666666666667
n 12 : Test SE: 0.034717786659336995 Train SE: 0.021850062908142676 Test Error Rate: 3.2300000000000004, Train Error Rate: 2.1966666666666668
n 12 : Test SE: 0.03325006208573668 Train SE: 0.018046264357809868 Test Error Rate: 3.19, Train Error Rate: 1.805
n 13 : Test SE: 0.029913039183136158 Train SE: 0.015687001754130507 Test Error Rate: 2.78, Train Error Rate: 1.6199999999999999
n 13 : Test SE: 0.030106960146827733 Train SE: 0.0152068005531252 Test Error Rate: 2.9899999999999998, Train Error Rate: 1.63
n 14 : Test SE: 0.03019154137940857 Train SE: 0.014517872426298194 Test Error Rate: 2.81, Train Error Rate: 1.55
n 14 : Test SE: 0.030366051103254982 Train SE: 0.013956555282257994 Test Error Rate: 2.93, Train Error Rate: 1.44
Done!
Training HP 1000 8
n 0 : Test SE: 0.1317228562601978 Train SE: 0.13735475008540488 Test Error Rate: 13.28, Train Error Rate: 14.205000000000002
n 0 : Test SE: 0.0986786576030078 Train SE: 0.10319624693771128 Test Error Rate: 9.610000000000001, Train Error Rate: 10.346666666666666
n 1 : Test SE: 0.08678935948674452 Train SE: 0.08770639306674262 Test Error Rate: 8.5, Train Error Rate: 9.003333333333334
n 1 : Test SE: 0.07607330986350207 Train SE: 0.07855812221386392 Test Error Rate: 7.88, Train Error Rate: 8.254999999999999
n 2 : Test SE: 0.07758998865815678 Train SE: 0.07620008348244396 Test Error Rate: 7.969999999999999, Train Error Rate: 7.886666666666667
n 2 : Test SE: 0.06795869165376417 Train SE: 0.06600459311748866 Test Error Rate: 6.61, Train Error Rate: 6.796666666666666
n 3 : Test SE: 0.08249435879922895 Train SE: 0.08038316214682842 Test Error Rate: 7.24, Train Error Rate: 7.155
n 3 : Test SE: 0.055849257213665564 Train SE: 0.05236240352423706 Test Error Rate: 5.52, Train Error Rate: 5.351666666666667
n 4 : Test SE: 0.05468001079946098 Train SE: 0.05029334487409077 Test Error Rate: 5.29, Train Error Rate: 4.971666666666667
n 4 : Test SE: 0.0483014418161626 Train SE: 0.04362128453881272 Test Error Rate: 4.66, Train Error Rate: 4.331666666666667
n 5 : Test SE: 0.04881400344506915 Train SE: 0.042432516894870376 Test Error Rate: 4.87, Train Error Rate: 4.255
n 5 : Test SE: 0.04215973122997019 Train SE: 0.03685294194157143 Test Error Rate: 4.09, Train Error Rate: 3.6350000000000002
n 6 : Test SE: 0.039546958409477806 Train SE: 0.0315069733564233 Test Error Rate: 3.7900000000000005, Train Error Rate: 3.145
n 6 : Test SE: 0.03883194227608545 Train SE: 0.03123900299737954 Test Error Rate: 3.9899999999999998, Train Error Rate: 3.1466666666666665
n 7 : Test SE: 0.03667549918830261 Train SE: 0.028259690306668816 Test Error Rate: 3.52, Train Error Rate: 2.7816666666666667
n 7 : Test SE: 0.03386219822212642 Train SE: 0.025388238240742197 Test Error Rate: 3.4799999999999995, Train Error Rate: 2.6466666666666665
n 8 : Test SE: 0.03734370944024541 Train SE: 0.027713171327044976 Test Error Rate: 3.42, Train Error Rate: 2.4833333333333334
n 8 : Test SE: 0.03312681137748732 Train SE: 0.023675928510967673 Test Error Rate: 3.2199999999999998, Train Error Rate: 2.1350000000000002
n 9 : Test SE: 0.030704993726630037 Train SE: 0.02125621438099176 Test Error Rate: 2.85, Train Error Rate: 2.0266666666666664
n 9 : Test SE: 0.030555911769522884 Train SE: 0.02071835656244683 Test Error Rate: 2.93, Train Error Rate: 1.9716666666666667/home/ec2-user/anaconda3/lib/python3.6/site-packages/sklearn/utils/validation.py:475: DataConversionWarning: Data with input dtype >f8 was converted to float64 by the scale function.
  warnings.warn(msg, DataConversionWarning)

n 10 : Test SE: 0.033889268640353215 Train SE: 0.02080958037281728 Test Error Rate: 2.8000000000000003, Train Error Rate: 1.8133333333333335
n 10 : Test SE: 0.027952735238709978 Train SE: 0.016895093381588188 Test Error Rate: 2.85, Train Error Rate: 1.765
n 11 : Test SE: 0.026299872129632706 Train SE: 0.014514577634909176 Test Error Rate: 2.5, Train Error Rate: 1.505
n 11 : Test SE: 0.02538793512447215 Train SE: 0.0135598437341873 Test Error Rate: 2.59, Train Error Rate: 1.4716666666666667
n 12 : Test SE: 0.029281513876659972 Train SE: 0.017059366335266595 Test Error Rate: 2.55, Train Error Rate: 1.5683333333333334
n 12 : Test SE: 0.02489640559154926 Train SE: 0.01248425643229334 Test Error Rate: 2.54, Train Error Rate: 1.375
n 13 : Test SE: 0.029345952302867385 Train SE: 0.015442284035020922 Test Error Rate: 2.74, Train Error Rate: 1.39
n 13 : Test SE: 0.024412787615792516 Train SE: 0.011458293890654144 Test Error Rate: 2.59, Train Error Rate: 1.2433333333333332
n 14 : Test SE: 0.026823475690312876 Train SE: 0.01346128605316743 Test Error Rate: 2.5700000000000003, Train Error Rate: 1.2516666666666667
n 14 : Test SE: 0.023014354207287733 Train SE: 0.009734642526038171 Test Error Rate: 2.37, Train Error Rate: 1.1233333333333333
Done!
