(60000, 50)
(60000,)
(10000, 50)
(10000,)
Training HP 500 0
n 0 : Test SE: 0.11440658446486328 Train SE: 0.1201174395400823 Test Error Rate: 12.32, Train Error Rate: 13.285
n 0 : Test SE: 0.08759621055689473 Train SE: 0.09211586131183756 Test Error Rate: 9.44, Train Error Rate: 10.203333333333333
n 1 : Test SE: 0.07639134957400862 Train SE: 0.07946204123012142 Test Error Rate: 8.33, Train Error Rate: 8.75
n 1 : Test SE: 0.07284823168074477 Train SE: 0.07598014858343125 Test Error Rate: 7.68, Train Error Rate: 8.253333333333334
n 2 : Test SE: 0.06642849892900088 Train SE: 0.06853383042623053 Test Error Rate: 6.84, Train Error Rate: 7.085
n 2 : Test SE: 0.05414168435928536 Train SE: 0.0546361407516467 Test Error Rate: 5.91, Train Error Rate: 5.898333333333333
n 3 : Test SE: 0.05062754456706959 Train SE: 0.048390082642706465 Test Error Rate: 5.2299999999999995, Train Error Rate: 4.9399999999999995
n 3 : Test SE: 0.04249212347899456 Train SE: 0.04058093073526477 Test Error Rate: 4.53, Train Error Rate: 4.461666666666667
n 4 : Test SE: 0.04943051135863449 Train SE: 0.045438868084514875 Test Error Rate: 4.9399999999999995, Train Error Rate: 4.548333333333334
n 4 : Test SE: 0.035340808604219946 Train SE: 0.03147198171281544 Test Error Rate: 3.73, Train Error Rate: 3.305
n 5 : Test SE: 0.0409592504009955 Train SE: 0.034963681089094936 Test Error Rate: 3.93, Train Error Rate: 3.4099999999999997
n 5 : Test SE: 0.030672722873510163 Train SE: 0.02574060129555372 Test Error Rate: 3.26, Train Error Rate: 2.7183333333333333
n 6 : Test SE: 0.0370441232470973 Train SE: 0.03039825521508709 Test Error Rate: 3.3099999999999996, Train Error Rate: 2.8383333333333334
n 6 : Test SE: 0.027487733464753278 Train SE: 0.02129001993956494 Test Error Rate: 2.94, Train Error Rate: 2.265
n 7 : Test SE: 0.0306084916566405 Train SE: 0.0228836596081458 Test Error Rate: 2.96, Train Error Rate: 2.2716666666666665
n 7 : Test SE: 0.026338720230197312 Train SE: 0.019232589965300518 Test Error Rate: 2.83, Train Error Rate: 1.97
n 8 : Test SE: 0.02868720406187735 Train SE: 0.02017095323403437 Test Error Rate: 2.8000000000000003, Train Error Rate: 1.955
n 8 : Test SE: 0.024950461855804434 Train SE: 0.01694556951521287 Test Error Rate: 2.6, Train Error Rate: 1.6883333333333335
n 9 : Test SE: 0.02679655334254709 Train SE: 0.01756644940935034 Test Error Rate: 2.69, Train Error Rate: 1.6650000000000003
n 9 : Test SE: 0.02391130440307099 Train SE: 0.015154722951356331 Test Error Rate: 2.5100000000000002, Train Error Rate: 1.5
n 10 : Test SE: 0.026182642772665632 Train SE: 0.015489787837565279 Test Error Rate: 2.56, Train Error Rate: 1.4433333333333334
n 10 : Test SE: 0.02338549253599012 Train SE: 0.013423383660017156 Test Error Rate: 2.4699999999999998, Train Error Rate: 1.3316666666666666
n 11 : Test SE: 0.02521482359524169 Train SE: 0.013512914710203343 Test Error Rate: 2.3800000000000003, Train Error Rate: 1.2783333333333333
n 11 : Test SE: 0.02246199743580379 Train SE: 0.011919548076495022 Test Error Rate: 2.36, Train Error Rate: 1.17
n 12 : Test SE: 0.02406839945834738 Train SE: 0.012094817854273375 Test Error Rate: 2.33, Train Error Rate: 1.1566666666666665
n 12 : Test SE: 0.02169777554211255 Train SE: 0.010600898238315405 Test Error Rate: 2.25, Train Error Rate: 1.065
n 13 : Test SE: 0.02317080518925668 Train SE: 0.010807054927875906 Test Error Rate: 2.23, Train Error Rate: 1.0266666666666666
n 13 : Test SE: 0.021719889049489457 Train SE: 0.009742953205175386 Test Error Rate: 2.22, Train Error Rate: 0.9766666666666667
n 14 : Test SE: 0.022817047563550696 Train SE: 0.010012380170193486 Test Error Rate: 2.16, Train Error Rate: 0.9783333333333333
n 14 : Test SE: 0.02138343648632458 Train SE: 0.008854949077967243 Test Error Rate: 2.1999999999999997, Train Error Rate: 0.8966666666666666
Done!
Training HP 500 1
n 0 : Test SE: 0.10013498005413612 Train SE: 0.10419696630004775 Test Error Rate: 10.41, Train Error Rate: 11.236666666666666
n 0 : Test SE: 0.08696007907316194 Train SE: 0.09067847459578457 Test Error Rate: 8.93, Train Error Rate: 9.666666666666666
n 1 : Test SE: 0.07295656240966561 Train SE: 0.07369744344983363 Test Error Rate: 7.199999999999999, Train Error Rate: 7.656666666666667
n 1 : Test SE: 0.061182412183051156 Train SE: 0.06179378078874487 Test Error Rate: 6.29, Train Error Rate: 6.591666666666667
n 2 : Test SE: 0.05656353505597658 Train SE: 0.0561245530856059 Test Error Rate: 5.74, Train Error Rate: 5.89
n 2 : Test SE: 0.05012076704188411 Train SE: 0.04826706950410665 Test Error Rate: 5.12, Train Error Rate: 5.01
n 3 : Test SE: 0.05029812270211992 Train SE: 0.046345077480433254 Test Error Rate: 4.99, Train Error Rate: 4.651666666666666
n 3 : Test SE: 0.0404227214222029 Train SE: 0.03594328364367462 Test Error Rate: 3.93, Train Error Rate: 3.585
n 4 : Test SE: 0.04239453204564346 Train SE: 0.03649355142130785 Test Error Rate: 4.49, Train Error Rate: 3.7216666666666667
n 4 : Test SE: 0.03691154964495495 Train SE: 0.03014340107055627 Test Error Rate: 3.75, Train Error Rate: 2.9433333333333334
n 5 : Test SE: 0.03347938872798878 Train SE: 0.026072610909711007 Test Error Rate: 3.53, Train Error Rate: 2.6783333333333332
n 5 : Test SE: 0.03264682520710611 Train SE: 0.024142008871825445 Test Error Rate: 3.37, Train Error Rate: 2.348333333333333
n 6 : Test SE: 0.03198338016428734 Train SE: 0.023755469087300956 Test Error Rate: 3.32, Train Error Rate: 2.315
n 6 : Test SE: 0.029883290821558654 Train SE: 0.02060275417984419 Test Error Rate: 3.0700000000000003, Train Error Rate: 2.0500000000000003
n 7 : Test SE: 0.031140108947273013 Train SE: 0.021154942195561178 Test Error Rate: 3.06, Train Error Rate: 1.9883333333333333
n 7 : Test SE: 0.02719723070297636 Train SE: 0.016831669343537338 Test Error Rate: 2.92, Train Error Rate: 1.6866666666666665
n 8 : Test SE: 0.0300835143510374 Train SE: 0.01867412801601173 Test Error Rate: 2.8899999999999997, Train Error Rate: 1.7416666666666667
n 8 : Test SE: 0.02685760354269899 Train SE: 0.015331647797871766 Test Error Rate: 2.86, Train Error Rate: 1.5433333333333334
n 9 : Test SE: 0.028900032105091726 Train SE: 0.016179693936103925 Test Error Rate: 2.83, Train Error Rate: 1.5466666666666666
n 9 : Test SE: 0.025660708836223376 Train SE: 0.013057573843707452 Test Error Rate: 2.6100000000000003, Train Error Rate: 1.3366666666666667
n 10 : Test SE: 0.02903879564640663 Train SE: 0.015142450516013168 Test Error Rate: 2.82, Train Error Rate: 1.4116666666666666
n 10 : Test SE: 0.025142741726995006 Train SE: 0.01198460735498325 Test Error Rate: 2.5, Train Error Rate: 1.2133333333333334
n 11 : Test SE: 0.02745429829663759 Train SE: 0.013815693314989105 Test Error Rate: 2.71, Train Error Rate: 1.22
n 11 : Test SE: 0.024595555384179447 Train SE: 0.01077747024741462 Test Error Rate: 2.4, Train Error Rate: 1.0733333333333333
n 12 : Test SE: 0.026588321155805818 Train SE: 0.012325457578734602 Test Error Rate: 2.59, Train Error Rate: 1.0733333333333333
n 12 : Test SE: 0.023686586219164765 Train SE: 0.00955948988320363 Test Error Rate: 2.48, Train Error Rate: 0.98
n 13 : Test SE: 0.025624097951932306 Train SE: 0.010903020816143983 Test Error Rate: 2.5, Train Error Rate: 1.0
n 13 : Test SE: 0.02325630232905387 Train SE: 0.008861971838945569 Test Error Rate: 2.4699999999999998, Train Error Rate: 0.9233333333333333
n 14 : Test SE: 0.02418775519925312 Train SE: 0.009254644664156242 Test Error Rate: 2.35, Train Error Rate: 0.9083333333333334
n 14 : Test SE: 0.02294867621944954 Train SE: 0.008179398132990439 Test Error Rate: 2.39, Train Error Rate: 0.8416666666666666
Done!
Training HP 500 2
n 0 : Test SE: 0.1036088082253594 Train SE: 0.10847024578780773 Test Error Rate: 10.95, Train Error Rate: 11.981666666666667
n 0 : Test SE: 0.08752301178903374 Train SE: 0.09253695632992538 Test Error Rate: 9.25, Train Error Rate: 10.005
n 1 : Test SE: 0.07732029610446091 Train SE: 0.08084609619026581 Test Error Rate: 8.44, Train Error Rate: 8.728333333333333
n 1 : Test SE: 0.06979986833603691 Train SE: 0.07222669226511805 Test Error Rate: 7.42, Train Error Rate: 7.881666666666666
n 2 : Test SE: 0.0664806386967056 Train SE: 0.06799642899246211 Test Error Rate: 6.710000000000001, Train Error Rate: 6.8983333333333325
n 2 : Test SE: 0.05147189512806318 Train SE: 0.05238225734845023 Test Error Rate: 5.52, Train Error Rate: 5.548333333333334
n 3 : Test SE: 0.045957335525946566 Train SE: 0.0443700879468593 Test Error Rate: 5.0200000000000005, Train Error Rate: 4.8
n 3 : Test SE: 0.04123489353692765 Train SE: 0.03965950251019571 Test Error Rate: 4.38, Train Error Rate: 4.226666666666667
n 4 : Test SE: 0.04022505495678305 Train SE: 0.0370655214131135 Test Error Rate: 4.1000000000000005, Train Error Rate: 3.871666666666667
n 4 : Test SE: 0.03340047929429501 Train SE: 0.02899945167546388 Test Error Rate: 3.58, Train Error Rate: 3.1566666666666667
n 5 : Test SE: 0.03280291030881313 Train SE: 0.02779856380604256 Test Error Rate: 3.5900000000000003, Train Error Rate: 2.8916666666666666
n 5 : Test SE: 0.0301161963883028 Train SE: 0.02417524588437131 Test Error Rate: 3.2300000000000004, Train Error Rate: 2.63
n 6 : Test SE: 0.03195917554259136 Train SE: 0.026444731333430727 Test Error Rate: 3.26, Train Error Rate: 2.6066666666666665
n 6 : Test SE: 0.02717199863430267 Train SE: 0.02021951903951593 Test Error Rate: 3.02, Train Error Rate: 2.145
n 7 : Test SE: 0.031123117254096718 Train SE: 0.02454109460880701 Test Error Rate: 3.02, Train Error Rate: 2.2566666666666664
n 7 : Test SE: 0.02486992870328807 Train SE: 0.016939808337611287 Test Error Rate: 2.7199999999999998, Train Error Rate: 1.8399999999999999
n 8 : Test SE: 0.029289614453238084 Train SE: 0.021011207496316835 Test Error Rate: 2.88, Train Error Rate: 1.8883333333333332
n 8 : Test SE: 0.023980101785336584 Train SE: 0.014904813071499634 Test Error Rate: 2.6, Train Error Rate: 1.5733333333333333
n 9 : Test SE: 0.027128662944603577 Train SE: 0.018025716295797346 Test Error Rate: 2.59, Train Error Rate: 1.6016666666666666
n 9 : Test SE: 0.023342762081027323 Train SE: 0.013562891900842085 Test Error Rate: 2.6, Train Error Rate: 1.4116666666666666
n 10 : Test SE: 0.02458979174480298 Train SE: 0.015004082352930381 Test Error Rate: 2.36, Train Error Rate: 1.34
n 10 : Test SE: 0.022650704154693703 Train SE: 0.012478589309799773 Test Error Rate: 2.45, Train Error Rate: 1.29
n 11 : Test SE: 0.02348397961900238 Train SE: 0.013591502840926062 Test Error Rate: 2.2399999999999998, Train Error Rate: 1.1883333333333332
n 11 : Test SE: 0.021875420916989435 Train SE: 0.011389590174870666 Test Error Rate: 2.32, Train Error Rate: 1.1466666666666667
n 12 : Test SE: 0.02271424972179526 Train SE: 0.012566086777072988 Test Error Rate: 2.2399999999999998, Train Error Rate: 1.0916666666666666
n 12 : Test SE: 0.020999876616175615 Train SE: 0.010279766141563267 Test Error Rate: 2.27, Train Error Rate: 1.01
n 13 : Test SE: 0.02148958729266949 Train SE: 0.010843459912783035 Test Error Rate: 2.1399999999999997, Train Error Rate: 1.0066666666666666
n 13 : Test SE: 0.02084177626662867 Train SE: 0.009450142751174449 Test Error Rate: 2.2399999999999998, Train Error Rate: 0.9283333333333332
n 14 : Test SE: 0.02144631828821595 Train SE: 0.010385160464527485 Test Error Rate: 2.18, Train Error Rate: 0.9333333333333335
n 14 : Test SE: 0.02048215342195567 Train SE: 0.008735632726420904 Test Error Rate: 2.23, Train Error Rate: 0.8483333333333334
Done!
Training HP 500 3
n 0 : Test SE: 0.10702251765902049 Train SE: 0.11175583832764724 Test Error Rate: 11.459999999999999, Train Error Rate: 12.16
n 0 : Test SE: 0.08625346626074235 Train SE: 0.0901500783254603 Test Error Rate: 9.04, Train Error Rate: 9.705
n 1 : Test SE: 0.08058338268870055 Train SE: 0.08247875169743123 Test Error Rate: 8.05, Train Error Rate: 8.573333333333332
n 1 : Test SE: 0.06611080968372499 Train SE: 0.06823829060045558 Test Error Rate: 7.02, Train Error Rate: 7.413333333333333
n 2 : Test SE: 0.061288322867126224 Train SE: 0.060708148226848536 Test Error Rate: 5.92, Train Error Rate: 6.051666666666667
n 2 : Test SE: 0.048451156643918296 Train SE: 0.046751022472011045 Test Error Rate: 5.26, Train Error Rate: 5.04
n 3 : Test SE: 0.043970526321879456 Train SE: 0.0414515812935425 Test Error Rate: 4.66, Train Error Rate: 4.306666666666667
n 3 : Test SE: 0.039018054193810235 Train SE: 0.035371899002211715 Test Error Rate: 4.17, Train Error Rate: 3.615
n 4 : Test SE: 0.03797050273617275 Train SE: 0.033282268645293066 Test Error Rate: 4.0, Train Error Rate: 3.376666666666667
n 4 : Test SE: 0.03303973395123297 Train SE: 0.027890315796680807 Test Error Rate: 3.54, Train Error Rate: 2.856666666666667
n 5 : Test SE: 0.03500202908840427 Train SE: 0.028220072106392817 Test Error Rate: 3.56, Train Error Rate: 2.73
n 5 : Test SE: 0.028713987198423455 Train SE: 0.02195445926882356 Test Error Rate: 3.1, Train Error Rate: 2.31
n 6 : Test SE: 0.031884787213562575 Train SE: 0.024248333973870977 Test Error Rate: 3.18, Train Error Rate: 2.351666666666667
n 6 : Test SE: 0.02656563404603225 Train SE: 0.018361428478773447 Test Error Rate: 2.81, Train Error Rate: 1.9666666666666666
n 7 : Test SE: 0.03201598038508695 Train SE: 0.022495672833552208 Test Error Rate: 3.1399999999999997, Train Error Rate: 2.11
n 7 : Test SE: 0.02528256450789025 Train SE: 0.01671979277844521 Test Error Rate: 2.68, Train Error Rate: 1.7000000000000002
n 8 : Test SE: 0.02871495948028484 Train SE: 0.018757810207568566 Test Error Rate: 2.7199999999999998, Train Error Rate: 1.7583333333333333
n 8 : Test SE: 0.023866321532242583 Train SE: 0.014165616185550272 Test Error Rate: 2.5100000000000002, Train Error Rate: 1.4516666666666667
n 9 : Test SE: 0.026689768072569325 Train SE: 0.016031452797487345 Test Error Rate: 2.6100000000000003, Train Error Rate: 1.5233333333333332
n 9 : Test SE: 0.023115488301275564 Train SE: 0.01232096006941595 Test Error Rate: 2.48, Train Error Rate: 1.3
n 10 : Test SE: 0.025409903400234607 Train SE: 0.014226871255124498 Test Error Rate: 2.4699999999999998, Train Error Rate: 1.2983333333333333
n 10 : Test SE: 0.02274062990593186 Train SE: 0.011174796504438837 Test Error Rate: 2.41, Train Error Rate: 1.1766666666666667
n 11 : Test SE: 0.024662094067956847 Train SE: 0.01273345003542884 Test Error Rate: 2.35, Train Error Rate: 1.1483333333333334
n 11 : Test SE: 0.022207506550195013 Train SE: 0.010130578119768334 Test Error Rate: 2.36, Train Error Rate: 1.0533333333333335
n 12 : Test SE: 0.02396893237362532 Train SE: 0.011294759764154238 Test Error Rate: 2.18, Train Error Rate: 1.0333333333333332
n 12 : Test SE: 0.02150404134693173 Train SE: 0.009153890122301833 Test Error Rate: 2.22, Train Error Rate: 0.955
n 13 : Test SE: 0.0224101891651201 Train SE: 0.009747852474348808 Test Error Rate: 2.06, Train Error Rate: 0.9266666666666666
n 13 : Test SE: 0.02120001472340556 Train SE: 0.00843707924561856 Test Error Rate: 2.11, Train Error Rate: 0.88
n 14 : Test SE: 0.02177666842366628 Train SE: 0.00858814640988129 Test Error Rate: 2.06, Train Error Rate: 0.835
n 14 : Test SE: 0.020798896788566033 Train SE: 0.007755335822668268 Test Error Rate: 2.15, Train Error Rate: 0.8216666666666668
Done!
Training HP 500 4
n 0 : Test SE: 0.09256518664834494 Train SE: 0.09740823275773391 Test Error Rate: 10.100000000000001, Train Error Rate: 10.838333333333333
n 0 : Test SE: 0.0843087799902448 Train SE: 0.08973270599388382 Test Error Rate: 9.049999999999999, Train Error Rate: 9.843333333333334
n 1 : Test SE: 0.07699302651118949 Train SE: 0.07870657373351936 Test Error Rate: 7.79, Train Error Rate: 8.290000000000001
n 1 : Test SE: 0.06240521365922846 Train SE: 0.06456681151001958 Test Error Rate: 6.890000000000001, Train Error Rate: 7.07
n 2 : Test SE: 0.058869198372077346 Train SE: 0.058490178101270524 Test Error Rate: 5.970000000000001, Train Error Rate: 5.995
n 2 : Test SE: 0.045857175154082566 Train SE: 0.04453075130121226 Test Error Rate: 5.04, Train Error Rate: 4.883333333333333
n 3 : Test SE: 0.047732286763704695 Train SE: 0.043777220761257944 Test Error Rate: 4.79, Train Error Rate: 4.526666666666666
n 3 : Test SE: 0.037747393075804624 Train SE: 0.03425586652268771 Test Error Rate: 4.109999999999999, Train Error Rate: 3.598333333333333
n 4 : Test SE: 0.04226276286638702 Train SE: 0.0359303455277037 Test Error Rate: 4.14, Train Error Rate: 3.5583333333333336
n 4 : Test SE: 0.03340581529419424 Train SE: 0.027753742372208467 Test Error Rate: 3.63, Train Error Rate: 2.8616666666666664
n 5 : Test SE: 0.04127981091377998 Train SE: 0.03442214659053739 Test Error Rate: 3.75, Train Error Rate: 3.086666666666667
n 5 : Test SE: 0.030839022375160414 Train SE: 0.024178197180872912 Test Error Rate: 3.3300000000000005, Train Error Rate: 2.388333333333333
n 6 : Test SE: 0.034119060778921705 Train SE: 0.026191753523613016 Test Error Rate: 3.37, Train Error Rate: 2.5083333333333333
n 6 : Test SE: 0.028311170557207884 Train SE: 0.020379226713571764 Test Error Rate: 3.05, Train Error Rate: 2.021666666666667
n 7 : Test SE: 0.02957469909783554 Train SE: 0.0209130969960138 Test Error Rate: 3.02, Train Error Rate: 2.03
n 7 : Test SE: 0.025401207237463058 Train SE: 0.016711891461761972 Test Error Rate: 2.79, Train Error Rate: 1.675
n 8 : Test SE: 0.027555710094590687 Train SE: 0.018197616407322974 Test Error Rate: 2.9000000000000004, Train Error Rate: 1.7266666666666666
n 8 : Test SE: 0.02397427475832296 Train SE: 0.014800860263949134 Test Error Rate: 2.67, Train Error Rate: 1.525
n 9 : Test SE: 0.02512541107660393 Train SE: 0.015175722409755446 Test Error Rate: 2.53, Train Error Rate: 1.465
n 9 : Test SE: 0.02399568524762609 Train SE: 0.013742355221467592 Test Error Rate: 2.62, Train Error Rate: 1.3566666666666667
n 10 : Test SE: 0.02439843027928163 Train SE: 0.013528021424424209 Test Error Rate: 2.5, Train Error Rate: 1.265
n 10 : Test SE: 0.02292620530707393 Train SE: 0.011935976198429494 Test Error Rate: 2.4899999999999998, Train Error Rate: 1.2216666666666667
n 11 : Test SE: 0.02301929269982203 Train SE: 0.011635028422931923 Test Error Rate: 2.34, Train Error Rate: 1.085
n 11 : Test SE: 0.022397027407610688 Train SE: 0.010652058965433572 Test Error Rate: 2.4, Train Error Rate: 1.0816666666666668
n 12 : Test SE: 0.023137141427981338 Train SE: 0.011032067646317827 Test Error Rate: 2.27, Train Error Rate: 1.0166666666666666
n 12 : Test SE: 0.022228960225326392 Train SE: 0.009875184554191258 Test Error Rate: 2.4, Train Error Rate: 0.98
n 13 : Test SE: 0.02174171739626057 Train SE: 0.0094231965720275 Test Error Rate: 2.21, Train Error Rate: 0.9400000000000001
n 13 : Test SE: 0.02141680541635516 Train SE: 0.008397747907102201 Test Error Rate: 2.37, Train Error Rate: 0.855
n 14 : Test SE: 0.021871515490385376 Train SE: 0.008744145008814905 Test Error Rate: 2.18, Train Error Rate: 0.8766666666666667
n 14 : Test SE: 0.021448615938529154 Train SE: 0.007684844165998563 Test Error Rate: 2.27, Train Error Rate: 0.7799999999999999
Done!
Training HP 500 5
n 0 : Test SE: 0.10380812820225226 Train SE: 0.10819443060954427 Test Error Rate: 10.9, Train Error Rate: 11.733333333333333
n 0 : Test SE: 0.08212285631509277 Train SE: 0.08404011536015435 Test Error Rate: 8.76, Train Error Rate: 9.263333333333334
n 1 : Test SE: 0.06926029921183904 Train SE: 0.06936604962948237 Test Error Rate: 7.12, Train Error Rate: 7.234999999999999
n 1 : Test SE: 0.06132213859637375 Train SE: 0.06044321838777792 Test Error Rate: 6.5600000000000005, Train Error Rate: 6.521666666666667
n 2 : Test SE: 0.05466718092850323 Train SE: 0.053166849245197656 Test Error Rate: 5.38, Train Error Rate: 5.511666666666667
n 2 : Test SE: 0.049578254412691265 Train SE: 0.04551910328106217 Test Error Rate: 5.29, Train Error Rate: 4.74
n 3 : Test SE: 0.0416449253523337 Train SE: 0.03698566018408297 Test Error Rate: 4.19, Train Error Rate: 3.7449999999999997
n 3 : Test SE: 0.0414187482506207 Train SE: 0.03565034509753919 Test Error Rate: 4.4799999999999995, Train Error Rate: 3.7033333333333336
n 4 : Test SE: 0.03741849765952268 Train SE: 0.03058970410882848 Test Error Rate: 3.64, Train Error Rate: 3.01
n 4 : Test SE: 0.03432242561975561 Train SE: 0.026965712250074703 Test Error Rate: 3.62, Train Error Rate: 2.8049999999999997
n 5 : Test SE: 0.037279780224319 Train SE: 0.02954413126503775 Test Error Rate: 3.5000000000000004, Train Error Rate: 2.6533333333333333
n 5 : Test SE: 0.034091961601331065 Train SE: 0.02455848261819016 Test Error Rate: 3.62, Train Error Rate: 2.526666666666667
n 6 : Test SE: 0.033699722369897316 Train SE: 0.024289105472244037 Test Error Rate: 3.29, Train Error Rate: 2.27
n 6 : Test SE: 0.031209103766553666 Train SE: 0.020310118789114734 Test Error Rate: 3.18, Train Error Rate: 2.105
n 7 : Test SE: 0.030064251632300636 Train SE: 0.020001022795766904 Test Error Rate: 2.92, Train Error Rate: 1.8533333333333333
n 7 : Test SE: 0.029131489766067626 Train SE: 0.017694252843404396 Test Error Rate: 2.83, Train Error Rate: 1.7933333333333332
n 8 : Test SE: 0.028663272031632363 Train SE: 0.018208550890194415 Test Error Rate: 2.9499999999999997, Train Error Rate: 1.7366666666666666
n 8 : Test SE: 0.026727557792992438 Train SE: 0.014592638707596877 Test Error Rate: 2.81, Train Error Rate: 1.51
n 9 : Test SE: 0.026452160705078758 Train SE: 0.015171199940891333 Test Error Rate: 2.6, Train Error Rate: 1.4366666666666665
n 9 : Test SE: 0.026359695158055554 Train SE: 0.013292752953576827 Test Error Rate: 2.78, Train Error Rate: 1.3533333333333333
n 10 : Test SE: 0.026248533686165733 Train SE: 0.01426779841955165 Test Error Rate: 2.56, Train Error Rate: 1.3566666666666667
n 10 : Test SE: 0.025656263838507498 Train SE: 0.011843409863058941 Test Error Rate: 2.71, Train Error Rate: 1.225
n 11 : Test SE: 0.023695603953936654 Train SE: 0.011116139097399905 Test Error Rate: 2.44, Train Error Rate: 1.1616666666666668
n 11 : Test SE: 0.025391790476819654 Train SE: 0.011097568952669017 Test Error Rate: 2.6100000000000003, Train Error Rate: 1.1216666666666666
n 12 : Test SE: 0.02425606840366143 Train SE: 0.010796263653833125 Test Error Rate: 2.36, Train Error Rate: 1.0983333333333334
n 12 : Test SE: 0.024535105572850133 Train SE: 0.009919405047349925 Test Error Rate: 2.55, Train Error Rate: 1.0216666666666667
n 13 : Test SE: 0.023765927633377034 Train SE: 0.009703189849987283 Test Error Rate: 2.3, Train Error Rate: 0.9933333333333334
n 13 : Test SE: 0.02400930295093451 Train SE: 0.008959586216113946 Test Error Rate: 2.44, Train Error Rate: 0.9199999999999999
n 14 : Test SE: 0.024402626129593926 Train SE: 0.009622618761253997 Test Error Rate: 2.36, Train Error Rate: 0.9450000000000001
n 14 : Test SE: 0.023609053962436455 Train SE: 0.008070367991816587 Test Error Rate: 2.41, Train Error Rate: 0.855
Done!
Training HP 500 6
n 0 : Test SE: 0.10624236508592048 Train SE: 0.11228228235876116 Test Error Rate: 11.41, Train Error Rate: 12.275
n 0 : Test SE: 0.08566090419330234 Train SE: 0.0907212921806882 Test Error Rate: 9.32, Train Error Rate: 10.046666666666667
n 1 : Test SE: 0.07380173415930015 Train SE: 0.07689134102874959 Test Error Rate: 7.8100000000000005, Train Error Rate: 8.273333333333333
n 1 : Test SE: 0.06573864037078184 Train SE: 0.06862935859230498 Test Error Rate: 7.06, Train Error Rate: 7.663333333333333
n 2 : Test SE: 0.06050059581950975 Train SE: 0.06170338925617374 Test Error Rate: 6.140000000000001, Train Error Rate: 6.485
n 2 : Test SE: 0.05211432745131137 Train SE: 0.052676177259104444 Test Error Rate: 5.47, Train Error Rate: 5.568333333333333
n 3 : Test SE: 0.04395875321377335 Train SE: 0.04222985298175746 Test Error Rate: 4.7, Train Error Rate: 4.505
n 3 : Test SE: 0.041572092161581455 Train SE: 0.04004499422090266 Test Error Rate: 4.42, Train Error Rate: 4.12
n 4 : Test SE: 0.037390988329839864 Train SE: 0.03387647431547195 Test Error Rate: 3.94, Train Error Rate: 3.585
n 4 : Test SE: 0.037210439058847446 Train SE: 0.03304820873084199 Test Error Rate: 3.7699999999999996, Train Error Rate: 3.19
n 5 : Test SE: 0.03153107665712165 Train SE: 0.026751515369800128 Test Error Rate: 3.25, Train Error Rate: 2.77
n 5 : Test SE: 0.03274536509074572 Train SE: 0.027293386872839456 Test Error Rate: 3.29, Train Error Rate: 2.6616666666666666
n 6 : Test SE: 0.0315950338590541 Train SE: 0.025957022778504604 Test Error Rate: 2.9499999999999997, Train Error Rate: 2.4716666666666667
n 6 : Test SE: 0.029535873084600865 Train SE: 0.02263456779866641 Test Error Rate: 2.88, Train Error Rate: 2.2666666666666666
n 7 : Test SE: 0.027774947967156696 Train SE: 0.02093547918588411 Test Error Rate: 2.6100000000000003, Train Error Rate: 2.04
n 7 : Test SE: 0.026734862507063417 Train SE: 0.019007466468375575 Test Error Rate: 2.69, Train Error Rate: 1.866666666666667
n 8 : Test SE: 0.025444678758548795 Train SE: 0.017645411290843405 Test Error Rate: 2.5, Train Error Rate: 1.6733333333333333
n 8 : Test SE: 0.024581712991095465 Train SE: 0.016446595769773358 Test Error Rate: 2.5700000000000003, Train Error Rate: 1.66
n 9 : Test SE: 0.023791821333335423 Train SE: 0.01539431377214651 Test Error Rate: 2.39, Train Error Rate: 1.4783333333333335
n 9 : Test SE: 0.023728511911389923 Train SE: 0.014665194794792056 Test Error Rate: 2.44, Train Error Rate: 1.4633333333333334
n 10 : Test SE: 0.023035006672820383 Train SE: 0.01414027028800549 Test Error Rate: 2.25, Train Error Rate: 1.32
n 10 : Test SE: 0.022752432227293694 Train SE: 0.013000461700016229 Test Error Rate: 2.2800000000000002, Train Error Rate: 1.2833333333333334
n 11 : Test SE: 0.021862094545845392 Train SE: 0.012686655176690124 Test Error Rate: 2.1, Train Error Rate: 1.1783333333333332
n 11 : Test SE: 0.02193727929614419 Train SE: 0.01142850208357478 Test Error Rate: 2.18, Train Error Rate: 1.165
n 12 : Test SE: 0.0221745764517733 Train SE: 0.012054627158365248 Test Error Rate: 2.09, Train Error Rate: 1.0966666666666667
n 12 : Test SE: 0.02150518301230272 Train SE: 0.010487472575950679 Test Error Rate: 2.2399999999999998, Train Error Rate: 1.0566666666666666
n 13 : Test SE: 0.021505795630839254 Train SE: 0.010641470588227392 Test Error Rate: 2.07, Train Error Rate: 1.0066666666666666
n 13 : Test SE: 0.02138904795456458 Train SE: 0.009546645644791813 Test Error Rate: 2.2399999999999998, Train Error Rate: 0.9266666666666666
n 14 : Test SE: 0.020843475704147723 Train SE: 0.009534409330576244 Test Error Rate: 2.11, Train Error Rate: 0.9133333333333333
n 14 : Test SE: 0.020996864650400123 Train SE: 0.00870463873169856 Test Error Rate: 2.17, Train Error Rate: 0.8233333333333334
Done!
Training HP 500 7
n 0 : Test SE: 0.1578753214713742 Train SE: 0.15850678581070177 Test Error Rate: 22.09, Train Error Rate: 22.096666666666668
n 0 : Test SE: 0.14098506063650515 Train SE: 0.14018663862906044 Test Error Rate: 19.98, Train Error Rate: 20.128333333333334
n 1 : Test SE: 0.13091857875539664 Train SE: 0.1288707601374296 Test Error Rate: 18.65, Train Error Rate: 18.576666666666668
n 1 : Test SE: 0.11911494938025624 Train SE: 0.1146082605084427 Test Error Rate: 17.53, Train Error Rate: 17.201666666666668
n 2 : Test SE: 0.11088888294374752 Train SE: 0.10410924569563593 Test Error Rate: 16.650000000000002, Train Error Rate: 16.11
n 2 : Test SE: 0.10544040248412559 Train SE: 0.09848190610536368 Test Error Rate: 16.1, Train Error Rate: 15.426666666666666
n 3 : Test SE: 0.10495266715670783 Train SE: 0.09641671163724827 Test Error Rate: 16.1, Train Error Rate: 15.201666666666666
n 3 : Test SE: 0.10109574363546003 Train SE: 0.09189311153769762 Test Error Rate: 15.86, Train Error Rate: 14.75
n 4 : Test SE: 0.09918900100338386 Train SE: 0.08867915446895441 Test Error Rate: 15.559999999999999, Train Error Rate: 14.393333333333333
n 4 : Test SE: 0.09598307020491385 Train SE: 0.08546622255683083 Test Error Rate: 15.120000000000001, Train Error Rate: 13.991666666666665
n 5 : Test SE: 0.09588029417735146 Train SE: 0.08348297998762787 Test Error Rate: 15.09, Train Error Rate: 13.76
n 5 : Test SE: 0.09170190737317666 Train SE: 0.08004485461272881 Test Error Rate: 14.85, Train Error Rate: 13.561666666666666
n 6 : Test SE: 0.0924343327057267 Train SE: 0.07990651263038487 Test Error Rate: 14.77, Train Error Rate: 13.325000000000001
n 6 : Test SE: 0.08990333952205065 Train SE: 0.07693579506349042 Test Error Rate: 14.69, Train Error Rate: 13.141666666666666
n 7 : Test SE: 0.08821715053469013 Train SE: 0.07403471847446964 Test Error Rate: 14.000000000000002, Train Error Rate: 12.559999999999999
n 7 : Test SE: 0.034238788465768354 Train SE: 0.02189479325945076 Test Error Rate: 3.7199999999999998, Train Error Rate: 2.1816666666666666
n 8 : Test SE: 0.03248481657597106 Train SE: 0.01849111126820589 Test Error Rate: 3.1399999999999997, Train Error Rate: 1.8399999999999999
n 8 : Test SE: 0.032054734450717895 Train SE: 0.017613053795987217 Test Error Rate: 3.3000000000000003, Train Error Rate: 1.8133333333333335
n 9 : Test SE: 0.030728019116373774 Train SE: 0.01605887390460158 Test Error Rate: 2.94, Train Error Rate: 1.5833333333333335
n 9 : Test SE: 0.02966149406596411 Train SE: 0.014940539646986899 Test Error Rate: 3.1399999999999997, Train Error Rate: 1.5483333333333333
n 10 : Test SE: 0.031977740336526145 Train SE: 0.015658680276661514 Test Error Rate: 3.0, Train Error Rate: 1.4383333333333332
n 10 : Test SE: 0.0288478752679813 Train SE: 0.013648264743148375 Test Error Rate: 3.0, Train Error Rate: 1.4166666666666665
n 11 : Test SE: 0.029687599261240427 Train SE: 0.013205279087791936 Test Error Rate: 2.81, Train Error Rate: 1.2466666666666666
n 11 : Test SE: 0.02805704596531239 Train SE: 0.012011689988220848 Test Error Rate: 2.77, Train Error Rate: 1.2233333333333334
n 12 : Test SE: 0.028476982521447775 Train SE: 0.01185594207657309 Test Error Rate: 2.82, Train Error Rate: 1.1616666666666668
n 12 : Test SE: 0.027979755047766487 Train SE: 0.011258141853383597 Test Error Rate: 2.69, Train Error Rate: 1.13
n 13 : Test SE: 0.027428912346303416 Train SE: 0.010725288055962373 Test Error Rate: 2.76, Train Error Rate: 1.0883333333333334
n 13 : Test SE: 0.027068650150316235 Train SE: 0.009847511614615823 Test Error Rate: 2.73, Train Error Rate: 1.0250000000000001
n 14 : Test SE: 0.02739319768436219 Train SE: 0.010288494020072866 Test Error Rate: 2.71, Train Error Rate: 1.0216666666666667
n 14 : Test SE: 0.027096698364518165 Train SE: 0.009281542135245723 Test Error Rate: 2.67, Train Error Rate: 0.9283333333333332
Done!
Training HP 500 8
n 0 : Test SE: 0.1078159831343934 Train SE: 0.11446514072918186 Test Error Rate: 11.559999999999999, Train Error Rate: 12.501666666666667
n 0 : Test SE: 0.0783390496101595 Train SE: 0.08236007281185262 Test Error Rate: 8.51, Train Error Rate: 9.075
n 1 : Test SE: 0.07888653427126824 Train SE: 0.08038794494968246 Test Error Rate: 7.7700000000000005, Train Error Rate: 8.148333333333333
n 1 : Test SE: 0.06371137967338719 Train SE: 0.06382971164168146 Test Error Rate: 6.69, Train Error Rate: 6.531666666666666
n 2 : Test SE: 0.04950953251835645 Train SE: 0.046446122600325386 Test Error Rate: 4.9799999999999995, Train Error Rate: 4.878333333333333
n 2 : Test SE: 0.04616166811970765 Train SE: 0.04234779076559947 Test Error Rate: 4.95, Train Error Rate: 4.495
n 3 : Test SE: 0.04251727334762616 Train SE: 0.03698912000075331 Test Error Rate: 4.279999999999999, Train Error Rate: 3.788333333333333
n 3 : Test SE: 0.0381829189471785 Train SE: 0.03268102643828071 Test Error Rate: 3.8600000000000003, Train Error Rate: 3.431666666666667
n 4 : Test SE: 0.038100582827249124 Train SE: 0.03030345461475193 Test Error Rate: 4.05, Train Error Rate: 3.1433333333333335
n 4 : Test SE: 0.03519959657579167 Train SE: 0.027782315289527657 Test Error Rate: 3.62, Train Error Rate: 2.8666666666666667
n 5 : Test SE: 0.03589333799279497 Train SE: 0.027175566263690148 Test Error Rate: 3.6799999999999997, Train Error Rate: 2.651666666666667
n 5 : Test SE: 0.03265619319374563 Train SE: 0.023297783361548207 Test Error Rate: 3.3300000000000005, Train Error Rate: 2.396666666666667
n 6 : Test SE: 0.03174919261435542 Train SE: 0.022129863897327892 Test Error Rate: 3.19, Train Error Rate: 2.18
n 6 : Test SE: 0.028868668732072472 Train SE: 0.018786461531271254 Test Error Rate: 3.1, Train Error Rate: 1.9316666666666666
n 7 : Test SE: 0.029379928238959564 Train SE: 0.018646650110333927 Test Error Rate: 2.97, Train Error Rate: 1.81
n 7 : Test SE: 0.027952788744224428 Train SE: 0.016516615499492196 Test Error Rate: 2.97, Train Error Rate: 1.6133333333333333
n 8 : Test SE: 0.028169525454848413 Train SE: 0.016409861038469784 Test Error Rate: 2.8400000000000003, Train Error Rate: 1.5766666666666664
n 8 : Test SE: 0.026792023554675887 Train SE: 0.014231317123382178 Test Error Rate: 2.83, Train Error Rate: 1.41
n 9 : Test SE: 0.029954341184829956 Train SE: 0.01686966950552571 Test Error Rate: 2.9000000000000004, Train Error Rate: 1.4816666666666667
n 9 : Test SE: 0.025533948911988433 Train SE: 0.01302847436562671 Test Error Rate: 2.68, Train Error Rate: 1.2416666666666667/home/ec2-user/anaconda3/lib/python3.6/site-packages/sklearn/utils/validation.py:475: DataConversionWarning: Data with input dtype >f8 was converted to float64 by the scale function.
  warnings.warn(msg, DataConversionWarning)

n 10 : Test SE: 0.026316480311674786 Train SE: 0.012530285833670968 Test Error Rate: 2.62, Train Error Rate: 1.2183333333333333
n 10 : Test SE: 0.024797395983451376 Train SE: 0.011649895127102568 Test Error Rate: 2.67, Train Error Rate: 1.1616666666666668
n 11 : Test SE: 0.025959978788665353 Train SE: 0.011404304278421281 Test Error Rate: 2.55, Train Error Rate: 1.0983333333333334
n 11 : Test SE: 0.02403328722399196 Train SE: 0.010285911683485003 Test Error Rate: 2.56, Train Error Rate: 1.0533333333333335
n 12 : Test SE: 0.02516986742069083 Train SE: 0.01024457033878114 Test Error Rate: 2.46, Train Error Rate: 0.975
n 12 : Test SE: 0.02359527146368141 Train SE: 0.00909685027014907 Test Error Rate: 2.55, Train Error Rate: 0.9433333333333334
n 13 : Test SE: 0.02434599793533982 Train SE: 0.009150749618767363 Test Error Rate: 2.34, Train Error Rate: 0.8966666666666666
n 13 : Test SE: 0.023226431063260652 Train SE: 0.008143694151827866 Test Error Rate: 2.5, Train Error Rate: 0.8583333333333334
n 14 : Test SE: 0.023597661300848168 Train SE: 0.008104836283558037 Test Error Rate: 2.4, Train Error Rate: 0.8066666666666666
n 14 : Test SE: 0.02293217230947832 Train SE: 0.007416542724961654 Test Error Rate: 2.41, Train Error Rate: 0.7966666666666667
Done!
